Invalid HTTP_HOST header: 'newsapp24.pythonanywhere.com'. You may need to add 'newsapp24.pythonanywhere.com' to ALLOWED_HOSTS.
Invalid HTTP_HOST header: 'newsapp24.pythonanywhere.com'. You may need to add 'newsapp24.pythonanywhere.com' to ALLOWED_HOSTS.
Bad Request: /
Bad Request: /
Invalid HTTP_HOST header: 'newsapp24.pythonanywhere.com'. You may need to add 'newsapp24.pythonanywhere.com' to ALLOWED_HOSTS.
Invalid HTTP_HOST header: 'newsapp24.pythonanywhere.com'. You may need to add 'newsapp24.pythonanywhere.com' to ALLOWED_HOSTS.
Bad Request: /favicon.ico
Bad Request: /favicon.ico
Not Found: /static/libs/jquery/dist/jquery.min.js
Not Found: /static/libs/jquery/dist/jquery.min.js
Not Found: /static/libs/bootstrap/dist/js/bootstrap.bundle.min.js
Not Found: /static/libs/bootstrap/dist/js/bootstrap.bundle.min.js
Not Found: /static/libs/simplebar/dist/simplebar.js
Not Found: /static/libs/simplebar/dist/simplebar.js
Not Found: /static/libs/simplebar/dist/simplebar.css
Not Found: /static/libs/simplebar/dist/simplebar.css
Not Found: /favicon.ico
Not Found: /favicon.ico
Not Found: /static/libs/simplebar/dist/simplebar.js
Not Found: /static/libs/simplebar/dist/simplebar.js
Not Found: /static/libs/jquery/dist/jquery.min.js
Not Found: /static/libs/jquery/dist/jquery.min.js
Not Found: /static/libs/bootstrap/dist/js/bootstrap.bundle.min.js
Not Found: /static/libs/bootstrap/dist/js/bootstrap.bundle.min.js
Not Found: /static/libs/simplebar/dist/simplebar.css
Not Found: /static/libs/simplebar/dist/simplebar.css
Not Found: /static/libs/jquery/dist/jquery.min.js
Not Found: /static/libs/jquery/dist/jquery.min.js
Not Found: /static/libs/simplebar/dist/simplebar.js
Not Found: /static/libs/simplebar/dist/simplebar.js
Not Found: /static/libs/bootstrap/dist/js/bootstrap.bundle.min.js
Not Found: /static/libs/bootstrap/dist/js/bootstrap.bundle.min.js
Not Found: /static/libs/simplebar/dist/simplebar.css
Not Found: /static/libs/simplebar/dist/simplebar.css
Not Found: /static/libs/bootstrap/dist/js/bootstrap.bundle.min.js
Not Found: /static/libs/bootstrap/dist/js/bootstrap.bundle.min.js
Not Found: /static/libs/jquery/dist/jquery.min.js
Not Found: /static/libs/jquery/dist/jquery.min.js
Not Found: /static/libs/simplebar/dist/simplebar.css
Not Found: /static/libs/simplebar/dist/simplebar.css
Not Found: /static/libs/simplebar/dist/simplebar.js
Not Found: /static/libs/simplebar/dist/simplebar.js
Not Found: /static/libs/jquery/dist/jquery.min.js
Not Found: /static/libs/jquery/dist/jquery.min.js
Not Found: /static/libs/simplebar/dist/simplebar.js
Not Found: /static/libs/simplebar/dist/simplebar.js
Not Found: /static/libs/simplebar/dist/simplebar.css
Not Found: /static/libs/simplebar/dist/simplebar.css
Not Found: /static/libs/bootstrap/dist/js/bootstrap.bundle.min.js
Not Found: /static/libs/bootstrap/dist/js/bootstrap.bundle.min.js
Not Found: /static/libs/bootstrap/dist/js/bootstrap.bundle.min.js
Not Found: /static/libs/bootstrap/dist/js/bootstrap.bundle.min.js
Not Found: /static/libs/jquery/dist/jquery.min.js
Not Found: /static/libs/jquery/dist/jquery.min.js
Not Found: /static/libs/simplebar/dist/simplebar.css
Not Found: /static/libs/simplebar/dist/simplebar.css
Not Found: /static/libs/simplebar/dist/simplebar.js
Not Found: /static/libs/simplebar/dist/simplebar.js
Not Found: /static/libs/bootstrap/dist/js/bootstrap.bundle.min.js
Not Found: /static/libs/bootstrap/dist/js/bootstrap.bundle.min.js
Not Found: /static/libs/jquery/dist/jquery.min.js
Not Found: /static/libs/jquery/dist/jquery.min.js
Not Found: /static/libs/simplebar/dist/simplebar.css
Not Found: /static/libs/simplebar/dist/simplebar.css
Not Found: /static/libs/simplebar/dist/simplebar.js
Not Found: /static/libs/simplebar/dist/simplebar.js
Not Found: /static/libs/jquery/dist/jquery.min.js
Not Found: /static/libs/jquery/dist/jquery.min.js
Not Found: /static/libs/bootstrap/dist/js/bootstrap.bundle.min.js
Not Found: /static/libs/bootstrap/dist/js/bootstrap.bundle.min.js
Not Found: /static/libs/simplebar/dist/simplebar.js
Not Found: /static/libs/simplebar/dist/simplebar.js
Not Found: /static/libs/simplebar/dist/simplebar.css
Not Found: /static/libs/simplebar/dist/simplebar.css
Not Found: /static/libs/jquery/dist/jquery.min.js
Not Found: /static/libs/jquery/dist/jquery.min.js
Not Found: /static/libs/bootstrap/dist/js/bootstrap.bundle.min.js
Not Found: /static/libs/bootstrap/dist/js/bootstrap.bundle.min.js
Not Found: /static/libs/simplebar/dist/simplebar.css
Not Found: /static/libs/simplebar/dist/simplebar.css
Not Found: /static/libs/simplebar/dist/simplebar.js
Not Found: /static/libs/simplebar/dist/simplebar.js
Not Found: /static/libs/simplebar/dist/simplebar.css
Not Found: /static/libs/simplebar/dist/simplebar.css
Not Found: /static/libs/bootstrap/dist/js/bootstrap.bundle.min.js
Not Found: /static/libs/bootstrap/dist/js/bootstrap.bundle.min.js
Not Found: /static/libs/jquery/dist/jquery.min.js
Not Found: /static/libs/jquery/dist/jquery.min.js
Not Found: /static/libs/simplebar/dist/simplebar.js
Not Found: /static/libs/simplebar/dist/simplebar.js
Not Found: /static/libs/jquery/dist/jquery.min.js
Not Found: /static/libs/jquery/dist/jquery.min.js
Not Found: /static/libs/bootstrap/dist/js/bootstrap.bundle.min.js
Not Found: /static/libs/bootstrap/dist/js/bootstrap.bundle.min.js
Not Found: /static/libs/simplebar/dist/simplebar.css
Not Found: /static/libs/simplebar/dist/simplebar.css
Not Found: /static/libs/simplebar/dist/simplebar.js
Not Found: /static/libs/simplebar/dist/simplebar.js
Not Found: /static/libs/jquery/dist/jquery.min.js
Not Found: /static/libs/jquery/dist/jquery.min.js
Not Found: /static/libs/simplebar/dist/simplebar.css
Not Found: /static/libs/simplebar/dist/simplebar.css
Not Found: /static/libs/simplebar/dist/simplebar.js
Not Found: /static/libs/simplebar/dist/simplebar.js
Not Found: /static/libs/bootstrap/dist/js/bootstrap.bundle.min.js
Not Found: /static/libs/bootstrap/dist/js/bootstrap.bundle.min.js
Not Found: /static/libs/bootstrap/dist/js/bootstrap.bundle.min.js
Not Found: /static/libs/bootstrap/dist/js/bootstrap.bundle.min.js
Not Found: /static/libs/jquery/dist/jquery.min.js
Not Found: /static/libs/jquery/dist/jquery.min.js
Not Found: /static/libs/simplebar/dist/simplebar.css
Not Found: /static/libs/simplebar/dist/simplebar.css
Not Found: /static/libs/simplebar/dist/simplebar.js
Not Found: /static/libs/simplebar/dist/simplebar.js
Not Found: /static/libs/jquery/dist/jquery.min.js
Not Found: /static/libs/jquery/dist/jquery.min.js
Not Found: /static/libs/bootstrap/dist/js/bootstrap.bundle.min.js
Not Found: /static/libs/bootstrap/dist/js/bootstrap.bundle.min.js
Not Found: /static/libs/simplebar/dist/simplebar.css
Not Found: /static/libs/simplebar/dist/simplebar.css
Not Found: /static/libs/simplebar/dist/simplebar.js
Not Found: /static/libs/simplebar/dist/simplebar.js
Not Found: /static/libs/jquery/dist/jquery.min.js
Not Found: /static/libs/jquery/dist/jquery.min.js
Not Found: /static/libs/simplebar/dist/simplebar.js
Not Found: /static/libs/simplebar/dist/simplebar.js
Not Found: /static/libs/bootstrap/dist/js/bootstrap.bundle.min.js
Not Found: /static/libs/bootstrap/dist/js/bootstrap.bundle.min.js
Not Found: /static/libs/simplebar/dist/simplebar.css
Not Found: /static/libs/simplebar/dist/simplebar.css
Not Found: /static/libs/jquery/dist/jquery.min.js
Not Found: /static/libs/jquery/dist/jquery.min.js
Not Found: /static/libs/simplebar/dist/simplebar.css
Not Found: /static/libs/simplebar/dist/simplebar.css
Not Found: /static/libs/bootstrap/dist/js/bootstrap.bundle.min.js
Not Found: /static/libs/bootstrap/dist/js/bootstrap.bundle.min.js
Not Found: /static/libs/simplebar/dist/simplebar.js
Not Found: /static/libs/simplebar/dist/simplebar.js
Not Found: /static/libs/jquery/dist/jquery.min.js
Not Found: /static/libs/jquery/dist/jquery.min.js
Not Found: /static/libs/simplebar/dist/simplebar.css
Not Found: /static/libs/simplebar/dist/simplebar.css
Not Found: /static/libs/bootstrap/dist/js/bootstrap.bundle.min.js
Not Found: /static/libs/bootstrap/dist/js/bootstrap.bundle.min.js
Not Found: /static/libs/simplebar/dist/simplebar.js
Not Found: /static/libs/simplebar/dist/simplebar.js
Not Found: /static/libs/jquery/dist/jquery.min.js
Not Found: /static/libs/jquery/dist/jquery.min.js
Not Found: /static/libs/bootstrap/dist/js/bootstrap.bundle.min.js
Not Found: /static/libs/bootstrap/dist/js/bootstrap.bundle.min.js
Not Found: /static/libs/simplebar/dist/simplebar.css
Not Found: /static/libs/simplebar/dist/simplebar.css
Not Found: /static/libs/simplebar/dist/simplebar.js
Not Found: /static/libs/simplebar/dist/simplebar.js
Not Found: /static/libs/jquery/dist/jquery.min.js
Not Found: /static/libs/jquery/dist/jquery.min.js
Not Found: /static/libs/simplebar/dist/simplebar.css
Not Found: /static/libs/simplebar/dist/simplebar.css
Not Found: /static/libs/bootstrap/dist/js/bootstrap.bundle.min.js
Not Found: /static/libs/bootstrap/dist/js/bootstrap.bundle.min.js
Not Found: /static/libs/simplebar/dist/simplebar.js
Not Found: /static/libs/simplebar/dist/simplebar.js
Not Found: /static/libs/bootstrap/dist/js/bootstrap.bundle.min.js
Not Found: /static/libs/bootstrap/dist/js/bootstrap.bundle.min.js
Not Found: /static/libs/jquery/dist/jquery.min.js
Not Found: /static/libs/jquery/dist/jquery.min.js
Not Found: /static/libs/simplebar/dist/simplebar.css
Not Found: /static/libs/simplebar/dist/simplebar.css
Not Found: /static/libs/simplebar/dist/simplebar.js
Not Found: /static/libs/simplebar/dist/simplebar.js
Not Found: /static/libs/bootstrap/dist/js/bootstrap.bundle.min.js
Not Found: /static/libs/bootstrap/dist/js/bootstrap.bundle.min.js
Not Found: /static/libs/jquery/dist/jquery.min.js
Not Found: /static/libs/jquery/dist/jquery.min.js
Not Found: /static/libs/simplebar/dist/simplebar.css
Not Found: /static/libs/simplebar/dist/simplebar.css
Not Found: /static/libs/simplebar/dist/simplebar.js
Not Found: /static/libs/simplebar/dist/simplebar.js
Not Found: /static/libs/jquery/dist/jquery.min.js
Not Found: /static/libs/jquery/dist/jquery.min.js
Not Found: /static/libs/bootstrap/dist/js/bootstrap.bundle.min.js
Not Found: /static/libs/bootstrap/dist/js/bootstrap.bundle.min.js
Not Found: /static/libs/simplebar/dist/simplebar.css
Not Found: /static/libs/simplebar/dist/simplebar.css
Not Found: /static/libs/simplebar/dist/simplebar.js
Not Found: /static/libs/simplebar/dist/simplebar.js
Not Found: /favicon.ico
Not Found: /favicon.ico
Not Found: /static/libs/bootstrap/dist/js/bootstrap.bundle.min.js
Not Found: /static/libs/bootstrap/dist/js/bootstrap.bundle.min.js
Not Found: /static/libs/jquery/dist/jquery.min.js
Not Found: /static/libs/jquery/dist/jquery.min.js
Not Found: /static/libs/simplebar/dist/simplebar.css
Not Found: /static/libs/simplebar/dist/simplebar.css
Not Found: /static/libs/simplebar/dist/simplebar.js
Not Found: /static/libs/simplebar/dist/simplebar.js
Not Found: /static/libs/simplebar/dist/simplebar.css
Not Found: /static/libs/simplebar/dist/simplebar.css
Not Found: /static/libs/simplebar/dist/simplebar.js
Not Found: /static/libs/simplebar/dist/simplebar.js
Not Found: /static/libs/bootstrap/dist/js/bootstrap.bundle.min.js
Not Found: /static/libs/bootstrap/dist/js/bootstrap.bundle.min.js
Not Found: /static/libs/jquery/dist/jquery.min.js
Not Found: /static/libs/jquery/dist/jquery.min.js
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
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
Not Found: /static/libs/bootstrap/dist/js/bootstrap.bundle.min.js
Not Found: /static/libs/bootstrap/dist/js/bootstrap.bundle.min.js
Not Found: /static/libs/jquery/dist/jquery.min.js
Not Found: /static/libs/jquery/dist/jquery.min.js
Not Found: /static/libs/simplebar/dist/simplebar.css
Not Found: /static/libs/simplebar/dist/simplebar.css
Not Found: /static/libs/simplebar/dist/simplebar.js
Not Found: /static/libs/simplebar/dist/simplebar.js
Not Found: /static/libs/simplebar/dist/simplebar.css
Not Found: /static/libs/simplebar/dist/simplebar.css
Not Found: /static/libs/bootstrap/dist/js/bootstrap.bundle.min.js
Not Found: /static/libs/bootstrap/dist/js/bootstrap.bundle.min.js
Not Found: /static/libs/jquery/dist/jquery.min.js
Not Found: /static/libs/jquery/dist/jquery.min.js
Not Found: /static/libs/simplebar/dist/simplebar.js
Not Found: /static/libs/simplebar/dist/simplebar.js
HTTP Request: POST https://api.openai.com/v1/chat/completions "HTTP/1.1 200 OK"
Not Found: /static/libs/jquery/dist/jquery.min.js
Not Found: /static/libs/jquery/dist/jquery.min.js
Not Found: /static/libs/bootstrap/dist/js/bootstrap.bundle.min.js
Not Found: /static/libs/bootstrap/dist/js/bootstrap.bundle.min.js
Not Found: /static/libs/simplebar/dist/simplebar.css
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
Not Found: /static/libs/simplebar/dist/simplebar.css
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
Not Found: /static/libs/simplebar/dist/simplebar.js
Not Found: /static/libs/simplebar/dist/simplebar.js
Not Found: /static/libs/jquery/dist/jquery.min.js
Not Found: /static/libs/jquery/dist/jquery.min.js
Not Found: /static/libs/bootstrap/dist/js/bootstrap.bundle.min.js
Not Found: /static/libs/bootstrap/dist/js/bootstrap.bundle.min.js
Not Found: /static/libs/simplebar/dist/simplebar.css
Not Found: /static/libs/simplebar/dist/simplebar.css
Not Found: /static/libs/simplebar/dist/simplebar.js
Not Found: /static/libs/simplebar/dist/simplebar.js
Not Found: /static/libs/bootstrap/dist/js/bootstrap.bundle.min.js
Not Found: /static/libs/bootstrap/dist/js/bootstrap.bundle.min.js
Not Found: /static/libs/jquery/dist/jquery.min.js
Not Found: /static/libs/jquery/dist/jquery.min.js
Not Found: /static/libs/simplebar/dist/simplebar.css
Not Found: /static/libs/simplebar/dist/simplebar.css
Not Found: /static/libs/simplebar/dist/simplebar.js
Not Found: /static/libs/simplebar/dist/simplebar.js
Not Found: /static/libs/bootstrap/dist/js/bootstrap.bundle.min.js
Not Found: /static/libs/bootstrap/dist/js/bootstrap.bundle.min.js
Not Found: /static/libs/jquery/dist/jquery.min.js
Not Found: /static/libs/jquery/dist/jquery.min.js
Not Found: /static/libs/simplebar/dist/simplebar.css
Not Found: /static/libs/simplebar/dist/simplebar.css
Not Found: /static/libs/simplebar/dist/simplebar.js
Not Found: /static/libs/simplebar/dist/simplebar.js
HTTP Request: POST https://api.openai.com/v1/chat/completions "HTTP/1.1 200 OK"
Text formating .................
Text formating .................
Not Found: /static/libs/jquery/dist/jquery.min.js
Not Found: /static/libs/jquery/dist/jquery.min.js
Not Found: /static/libs/bootstrap/dist/js/bootstrap.bundle.min.js
Not Found: /static/libs/bootstrap/dist/js/bootstrap.bundle.min.js
Not Found: /static/libs/simplebar/dist/simplebar.css
Not Found: /static/libs/simplebar/dist/simplebar.css
Not Found: /static/libs/simplebar/dist/simplebar.js
Not Found: /static/libs/simplebar/dist/simplebar.js
Not Found: /static/libs/jquery/dist/jquery.min.js
Not Found: /static/libs/jquery/dist/jquery.min.js
Not Found: /static/libs/bootstrap/dist/js/bootstrap.bundle.min.js
Not Found: /static/libs/bootstrap/dist/js/bootstrap.bundle.min.js
Not Found: /static/libs/simplebar/dist/simplebar.css
Not Found: /static/libs/simplebar/dist/simplebar.css
Not Found: /static/libs/simplebar/dist/simplebar.js
Not Found: /static/libs/simplebar/dist/simplebar.js
Not Found: /static/libs/jquery/dist/jquery.min.js
Not Found: /static/libs/jquery/dist/jquery.min.js
Not Found: /static/libs/bootstrap/dist/js/bootstrap.bundle.min.js
Not Found: /static/libs/bootstrap/dist/js/bootstrap.bundle.min.js
Not Found: /static/libs/simplebar/dist/simplebar.css
Not Found: /static/libs/simplebar/dist/simplebar.css
Not Found: /static/libs/simplebar/dist/simplebar.js
Not Found: /static/libs/simplebar/dist/simplebar.js
https://www.diariodeibiza.com/world/arts/ibiza-based-artist-irene-andres-arco/
https://www.diariodeibiza.com/world/arts/ibiza-based-artist-irene-andres-arco/
https://www.diariodeibiza.com/world/arts/ibiza-based-artist-irene-andres-arco/
https://www.diariodeibiza.com/world/arts/ibiza-based-artist-irene-andres-arco/
Not Found: /static/libs/simplebar/dist/simplebar.css
Not Found: /static/libs/simplebar/dist/simplebar.css
Not Found: /static/libs/jquery/dist/jquery.min.js
Not Found: /static/libs/jquery/dist/jquery.min.js
Not Found: /static/libs/bootstrap/dist/js/bootstrap.bundle.min.js
Not Found: /static/libs/bootstrap/dist/js/bootstrap.bundle.min.js
Not Found: /static/libs/simplebar/dist/simplebar.js
Not Found: /static/libs/simplebar/dist/simplebar.js
Not Found: /static/libs/jquery/dist/jquery.min.js
Not Found: /static/libs/jquery/dist/jquery.min.js
Not Found: /static/libs/bootstrap/dist/js/bootstrap.bundle.min.js
Not Found: /static/libs/bootstrap/dist/js/bootstrap.bundle.min.js
Not Found: /static/libs/simplebar/dist/simplebar.js
Not Found: /static/libs/simplebar/dist/simplebar.js
Not Found: /static/libs/simplebar/dist/simplebar.css
Not Found: /static/libs/simplebar/dist/simplebar.css
Not Found: /static/libs/bootstrap/dist/js/bootstrap.bundle.min.js
Not Found: /static/libs/bootstrap/dist/js/bootstrap.bundle.min.js
Not Found: /static/libs/jquery/dist/jquery.min.js
Not Found: /static/libs/jquery/dist/jquery.min.js
Not Found: /static/libs/simplebar/dist/simplebar.css
Not Found: /static/libs/simplebar/dist/simplebar.css
Not Found: /static/libs/simplebar/dist/simplebar.js
Not Found: /static/libs/simplebar/dist/simplebar.js
Internal Server Error: /admin/userapp/appuser/2/change/
Traceback (most recent call last):
  File "/home/newsapp24/.virtualenvs/mysite-virtualenv/lib/python3.7/site-packages/django/contrib/admin/options.py", line 710, in get_form
    return modelform_factory(self.model, **defaults)
  File "/home/newsapp24/.virtualenvs/mysite-virtualenv/lib/python3.7/site-packages/django/forms/models.py", line 563, in modelform_factory
    return type(form)(class_name, (form,), form_class_attrs)
  File "/home/newsapp24/.virtualenvs/mysite-virtualenv/lib/python3.7/site-packages/django/forms/models.py", line 276, in __new__
    raise FieldError(message)
django.core.exceptions.FieldError: Unknown field(s) (username) specified for AppUser

During handling of the above exception, another exception occurred:

Traceback (most recent call last):
  File "/home/newsapp24/.virtualenvs/mysite-virtualenv/lib/python3.7/site-packages/django/core/handlers/exception.py", line 47, in inner
    response = get_response(request)
  File "/home/newsapp24/.virtualenvs/mysite-virtualenv/lib/python3.7/site-packages/django/core/handlers/base.py", line 181, in _get_response
    response = wrapped_callback(request, *callback_args, **callback_kwargs)
  File "/home/newsapp24/.virtualenvs/mysite-virtualenv/lib/python3.7/site-packages/django/contrib/admin/options.py", line 616, in wrapper
    return self.admin_site.admin_view(view)(*args, **kwargs)
  File "/home/newsapp24/.virtualenvs/mysite-virtualenv/lib/python3.7/site-packages/django/utils/decorators.py", line 130, in _wrapped_view
    response = view_func(request, *args, **kwargs)
  File "/home/newsapp24/.virtualenvs/mysite-virtualenv/lib/python3.7/site-packages/django/views/decorators/cache.py", line 44, in _wrapped_view_func
    response = view_func(request, *args, **kwargs)
  File "/home/newsapp24/.virtualenvs/mysite-virtualenv/lib/python3.7/site-packages/django/contrib/admin/sites.py", line 232, in inner
    return view(request, *args, **kwargs)
  File "/home/newsapp24/.virtualenvs/mysite-virtualenv/lib/python3.7/site-packages/django/contrib/admin/options.py", line 1660, in change_view
    return self.changeform_view(request, object_id, form_url, extra_context)
  File "/home/newsapp24/.virtualenvs/mysite-virtualenv/lib/python3.7/site-packages/django/utils/decorators.py", line 43, in _wrapper
    return bound_method(*args, **kwargs)
  File "/home/newsapp24/.virtualenvs/mysite-virtualenv/lib/python3.7/site-packages/django/utils/decorators.py", line 130, in _wrapped_view
    response = view_func(request, *args, **kwargs)
  File "/home/newsapp24/.virtualenvs/mysite-virtualenv/lib/python3.7/site-packages/django/contrib/admin/options.py", line 1540, in changeform_view
    return self._changeform_view(request, object_id, form_url, extra_context)
  File "/home/newsapp24/.virtualenvs/mysite-virtualenv/lib/python3.7/site-packages/django/contrib/admin/options.py", line 1575, in _changeform_view
    request, obj, change=not add, fields=flatten_fieldsets(fieldsets)
  File "/home/newsapp24/.virtualenvs/mysite-virtualenv/lib/python3.7/site-packages/django/contrib/auth/admin.py", line 80, in get_form
    return super().get_form(request, obj, **defaults)
  File "/home/newsapp24/.virtualenvs/mysite-virtualenv/lib/python3.7/site-packages/django/contrib/admin/options.py", line 714, in get_form
    % (e, self.__class__.__name__)
django.core.exceptions.FieldError: Unknown field(s) (username) specified for AppUser. Check fields/fieldsets/exclude attributes of class AppUserAdmin.
Internal Server Error: /admin/userapp/appuser/2/change/
Traceback (most recent call last):
  File "/home/newsapp24/.virtualenvs/mysite-virtualenv/lib/python3.7/site-packages/django/contrib/admin/options.py", line 710, in get_form
    return modelform_factory(self.model, **defaults)
  File "/home/newsapp24/.virtualenvs/mysite-virtualenv/lib/python3.7/site-packages/django/forms/models.py", line 563, in modelform_factory
    return type(form)(class_name, (form,), form_class_attrs)
  File "/home/newsapp24/.virtualenvs/mysite-virtualenv/lib/python3.7/site-packages/django/forms/models.py", line 276, in __new__
    raise FieldError(message)
django.core.exceptions.FieldError: Unknown field(s) (username) specified for AppUser

During handling of the above exception, another exception occurred:

Traceback (most recent call last):
  File "/home/newsapp24/.virtualenvs/mysite-virtualenv/lib/python3.7/site-packages/django/core/handlers/exception.py", line 47, in inner
    response = get_response(request)
  File "/home/newsapp24/.virtualenvs/mysite-virtualenv/lib/python3.7/site-packages/django/core/handlers/base.py", line 181, in _get_response
    response = wrapped_callback(request, *callback_args, **callback_kwargs)
  File "/home/newsapp24/.virtualenvs/mysite-virtualenv/lib/python3.7/site-packages/django/contrib/admin/options.py", line 616, in wrapper
    return self.admin_site.admin_view(view)(*args, **kwargs)
  File "/home/newsapp24/.virtualenvs/mysite-virtualenv/lib/python3.7/site-packages/django/utils/decorators.py", line 130, in _wrapped_view
    response = view_func(request, *args, **kwargs)
  File "/home/newsapp24/.virtualenvs/mysite-virtualenv/lib/python3.7/site-packages/django/views/decorators/cache.py", line 44, in _wrapped_view_func
    response = view_func(request, *args, **kwargs)
  File "/home/newsapp24/.virtualenvs/mysite-virtualenv/lib/python3.7/site-packages/django/contrib/admin/sites.py", line 232, in inner
    return view(request, *args, **kwargs)
  File "/home/newsapp24/.virtualenvs/mysite-virtualenv/lib/python3.7/site-packages/django/contrib/admin/options.py", line 1660, in change_view
    return self.changeform_view(request, object_id, form_url, extra_context)
  File "/home/newsapp24/.virtualenvs/mysite-virtualenv/lib/python3.7/site-packages/django/utils/decorators.py", line 43, in _wrapper
    return bound_method(*args, **kwargs)
  File "/home/newsapp24/.virtualenvs/mysite-virtualenv/lib/python3.7/site-packages/django/utils/decorators.py", line 130, in _wrapped_view
    response = view_func(request, *args, **kwargs)
  File "/home/newsapp24/.virtualenvs/mysite-virtualenv/lib/python3.7/site-packages/django/contrib/admin/options.py", line 1540, in changeform_view
    return self._changeform_view(request, object_id, form_url, extra_context)
  File "/home/newsapp24/.virtualenvs/mysite-virtualenv/lib/python3.7/site-packages/django/contrib/admin/options.py", line 1575, in _changeform_view
    request, obj, change=not add, fields=flatten_fieldsets(fieldsets)
  File "/home/newsapp24/.virtualenvs/mysite-virtualenv/lib/python3.7/site-packages/django/contrib/auth/admin.py", line 80, in get_form
    return super().get_form(request, obj, **defaults)
  File "/home/newsapp24/.virtualenvs/mysite-virtualenv/lib/python3.7/site-packages/django/contrib/admin/options.py", line 714, in get_form
    % (e, self.__class__.__name__)
django.core.exceptions.FieldError: Unknown field(s) (username) specified for AppUser. Check fields/fieldsets/exclude attributes of class AppUserAdmin.
Internal Server Error: /admin/userapp/appuser/2/change/
Traceback (most recent call last):
  File "/home/newsapp24/.virtualenvs/mysite-virtualenv/lib/python3.7/site-packages/django/contrib/admin/options.py", line 710, in get_form
    return modelform_factory(self.model, **defaults)
  File "/home/newsapp24/.virtualenvs/mysite-virtualenv/lib/python3.7/site-packages/django/forms/models.py", line 563, in modelform_factory
    return type(form)(class_name, (form,), form_class_attrs)
  File "/home/newsapp24/.virtualenvs/mysite-virtualenv/lib/python3.7/site-packages/django/forms/models.py", line 276, in __new__
    raise FieldError(message)
django.core.exceptions.FieldError: Unknown field(s) (username) specified for AppUser

During handling of the above exception, another exception occurred:

Traceback (most recent call last):
  File "/home/newsapp24/.virtualenvs/mysite-virtualenv/lib/python3.7/site-packages/django/core/handlers/exception.py", line 47, in inner
    response = get_response(request)
  File "/home/newsapp24/.virtualenvs/mysite-virtualenv/lib/python3.7/site-packages/django/core/handlers/base.py", line 181, in _get_response
    response = wrapped_callback(request, *callback_args, **callback_kwargs)
  File "/home/newsapp24/.virtualenvs/mysite-virtualenv/lib/python3.7/site-packages/django/contrib/admin/options.py", line 616, in wrapper
    return self.admin_site.admin_view(view)(*args, **kwargs)
  File "/home/newsapp24/.virtualenvs/mysite-virtualenv/lib/python3.7/site-packages/django/utils/decorators.py", line 130, in _wrapped_view
    response = view_func(request, *args, **kwargs)
  File "/home/newsapp24/.virtualenvs/mysite-virtualenv/lib/python3.7/site-packages/django/views/decorators/cache.py", line 44, in _wrapped_view_func
    response = view_func(request, *args, **kwargs)
  File "/home/newsapp24/.virtualenvs/mysite-virtualenv/lib/python3.7/site-packages/django/contrib/admin/sites.py", line 232, in inner
    return view(request, *args, **kwargs)
  File "/home/newsapp24/.virtualenvs/mysite-virtualenv/lib/python3.7/site-packages/django/contrib/admin/options.py", line 1660, in change_view
    return self.changeform_view(request, object_id, form_url, extra_context)
  File "/home/newsapp24/.virtualenvs/mysite-virtualenv/lib/python3.7/site-packages/django/utils/decorators.py", line 43, in _wrapper
    return bound_method(*args, **kwargs)
  File "/home/newsapp24/.virtualenvs/mysite-virtualenv/lib/python3.7/site-packages/django/utils/decorators.py", line 130, in _wrapped_view
    response = view_func(request, *args, **kwargs)
  File "/home/newsapp24/.virtualenvs/mysite-virtualenv/lib/python3.7/site-packages/django/contrib/admin/options.py", line 1540, in changeform_view
    return self._changeform_view(request, object_id, form_url, extra_context)
  File "/home/newsapp24/.virtualenvs/mysite-virtualenv/lib/python3.7/site-packages/django/contrib/admin/options.py", line 1575, in _changeform_view
    request, obj, change=not add, fields=flatten_fieldsets(fieldsets)
  File "/home/newsapp24/.virtualenvs/mysite-virtualenv/lib/python3.7/site-packages/django/contrib/auth/admin.py", line 80, in get_form
    return super().get_form(request, obj, **defaults)
  File "/home/newsapp24/.virtualenvs/mysite-virtualenv/lib/python3.7/site-packages/django/contrib/admin/options.py", line 714, in get_form
    % (e, self.__class__.__name__)
django.core.exceptions.FieldError: Unknown field(s) (username) specified for AppUser. Check fields/fieldsets/exclude attributes of class AppUserAdmin.
Internal Server Error: /admin/userapp/appuser/2/change/
Traceback (most recent call last):
  File "/home/newsapp24/.virtualenvs/mysite-virtualenv/lib/python3.7/site-packages/django/contrib/admin/options.py", line 710, in get_form
    return modelform_factory(self.model, **defaults)
  File "/home/newsapp24/.virtualenvs/mysite-virtualenv/lib/python3.7/site-packages/django/forms/models.py", line 563, in modelform_factory
    return type(form)(class_name, (form,), form_class_attrs)
  File "/home/newsapp24/.virtualenvs/mysite-virtualenv/lib/python3.7/site-packages/django/forms/models.py", line 276, in __new__
    raise FieldError(message)
django.core.exceptions.FieldError: Unknown field(s) (username) specified for AppUser

During handling of the above exception, another exception occurred:

Traceback (most recent call last):
  File "/home/newsapp24/.virtualenvs/mysite-virtualenv/lib/python3.7/site-packages/django/core/handlers/exception.py", line 47, in inner
    response = get_response(request)
  File "/home/newsapp24/.virtualenvs/mysite-virtualenv/lib/python3.7/site-packages/django/core/handlers/base.py", line 181, in _get_response
    response = wrapped_callback(request, *callback_args, **callback_kwargs)
  File "/home/newsapp24/.virtualenvs/mysite-virtualenv/lib/python3.7/site-packages/django/contrib/admin/options.py", line 616, in wrapper
    return self.admin_site.admin_view(view)(*args, **kwargs)
  File "/home/newsapp24/.virtualenvs/mysite-virtualenv/lib/python3.7/site-packages/django/utils/decorators.py", line 130, in _wrapped_view
    response = view_func(request, *args, **kwargs)
  File "/home/newsapp24/.virtualenvs/mysite-virtualenv/lib/python3.7/site-packages/django/views/decorators/cache.py", line 44, in _wrapped_view_func
    response = view_func(request, *args, **kwargs)
  File "/home/newsapp24/.virtualenvs/mysite-virtualenv/lib/python3.7/site-packages/django/contrib/admin/sites.py", line 232, in inner
    return view(request, *args, **kwargs)
  File "/home/newsapp24/.virtualenvs/mysite-virtualenv/lib/python3.7/site-packages/django/contrib/admin/options.py", line 1660, in change_view
    return self.changeform_view(request, object_id, form_url, extra_context)
  File "/home/newsapp24/.virtualenvs/mysite-virtualenv/lib/python3.7/site-packages/django/utils/decorators.py", line 43, in _wrapper
    return bound_method(*args, **kwargs)
  File "/home/newsapp24/.virtualenvs/mysite-virtualenv/lib/python3.7/site-packages/django/utils/decorators.py", line 130, in _wrapped_view
    response = view_func(request, *args, **kwargs)
  File "/home/newsapp24/.virtualenvs/mysite-virtualenv/lib/python3.7/site-packages/django/contrib/admin/options.py", line 1540, in changeform_view
    return self._changeform_view(request, object_id, form_url, extra_context)
  File "/home/newsapp24/.virtualenvs/mysite-virtualenv/lib/python3.7/site-packages/django/contrib/admin/options.py", line 1575, in _changeform_view
    request, obj, change=not add, fields=flatten_fieldsets(fieldsets)
  File "/home/newsapp24/.virtualenvs/mysite-virtualenv/lib/python3.7/site-packages/django/contrib/auth/admin.py", line 80, in get_form
    return super().get_form(request, obj, **defaults)
  File "/home/newsapp24/.virtualenvs/mysite-virtualenv/lib/python3.7/site-packages/django/contrib/admin/options.py", line 714, in get_form
    % (e, self.__class__.__name__)
django.core.exceptions.FieldError: Unknown field(s) (username) specified for AppUser. Check fields/fieldsets/exclude attributes of class AppUserAdmin.
Internal Server Error: /admin/userapp/appuser/2/change/
Traceback (most recent call last):
  File "/home/newsapp24/.virtualenvs/mysite-virtualenv/lib/python3.7/site-packages/django/contrib/admin/options.py", line 710, in get_form
    return modelform_factory(self.model, **defaults)
  File "/home/newsapp24/.virtualenvs/mysite-virtualenv/lib/python3.7/site-packages/django/forms/models.py", line 563, in modelform_factory
    return type(form)(class_name, (form,), form_class_attrs)
  File "/home/newsapp24/.virtualenvs/mysite-virtualenv/lib/python3.7/site-packages/django/forms/models.py", line 276, in __new__
    raise FieldError(message)
django.core.exceptions.FieldError: Unknown field(s) (username) specified for AppUser

During handling of the above exception, another exception occurred:

Traceback (most recent call last):
  File "/home/newsapp24/.virtualenvs/mysite-virtualenv/lib/python3.7/site-packages/django/core/handlers/exception.py", line 47, in inner
    response = get_response(request)
  File "/home/newsapp24/.virtualenvs/mysite-virtualenv/lib/python3.7/site-packages/django/core/handlers/base.py", line 181, in _get_response
    response = wrapped_callback(request, *callback_args, **callback_kwargs)
  File "/home/newsapp24/.virtualenvs/mysite-virtualenv/lib/python3.7/site-packages/django/contrib/admin/options.py", line 616, in wrapper
    return self.admin_site.admin_view(view)(*args, **kwargs)
  File "/home/newsapp24/.virtualenvs/mysite-virtualenv/lib/python3.7/site-packages/django/utils/decorators.py", line 130, in _wrapped_view
    response = view_func(request, *args, **kwargs)
  File "/home/newsapp24/.virtualenvs/mysite-virtualenv/lib/python3.7/site-packages/django/views/decorators/cache.py", line 44, in _wrapped_view_func
    response = view_func(request, *args, **kwargs)
  File "/home/newsapp24/.virtualenvs/mysite-virtualenv/lib/python3.7/site-packages/django/contrib/admin/sites.py", line 232, in inner
    return view(request, *args, **kwargs)
  File "/home/newsapp24/.virtualenvs/mysite-virtualenv/lib/python3.7/site-packages/django/contrib/admin/options.py", line 1660, in change_view
    return self.changeform_view(request, object_id, form_url, extra_context)
  File "/home/newsapp24/.virtualenvs/mysite-virtualenv/lib/python3.7/site-packages/django/utils/decorators.py", line 43, in _wrapper
    return bound_method(*args, **kwargs)
  File "/home/newsapp24/.virtualenvs/mysite-virtualenv/lib/python3.7/site-packages/django/utils/decorators.py", line 130, in _wrapped_view
    response = view_func(request, *args, **kwargs)
  File "/home/newsapp24/.virtualenvs/mysite-virtualenv/lib/python3.7/site-packages/django/contrib/admin/options.py", line 1540, in changeform_view
    return self._changeform_view(request, object_id, form_url, extra_context)
  File "/home/newsapp24/.virtualenvs/mysite-virtualenv/lib/python3.7/site-packages/django/contrib/admin/options.py", line 1575, in _changeform_view
    request, obj, change=not add, fields=flatten_fieldsets(fieldsets)
  File "/home/newsapp24/.virtualenvs/mysite-virtualenv/lib/python3.7/site-packages/django/contrib/auth/admin.py", line 80, in get_form
    return super().get_form(request, obj, **defaults)
  File "/home/newsapp24/.virtualenvs/mysite-virtualenv/lib/python3.7/site-packages/django/contrib/admin/options.py", line 714, in get_form
    % (e, self.__class__.__name__)
django.core.exceptions.FieldError: Unknown field(s) (username) specified for AppUser. Check fields/fieldsets/exclude attributes of class AppUserAdmin.
Internal Server Error: /admin/userapp/appuser/2/change/
Traceback (most recent call last):
  File "/home/newsapp24/.virtualenvs/mysite-virtualenv/lib/python3.7/site-packages/django/contrib/admin/options.py", line 710, in get_form
    return modelform_factory(self.model, **defaults)
  File "/home/newsapp24/.virtualenvs/mysite-virtualenv/lib/python3.7/site-packages/django/forms/models.py", line 563, in modelform_factory
    return type(form)(class_name, (form,), form_class_attrs)
  File "/home/newsapp24/.virtualenvs/mysite-virtualenv/lib/python3.7/site-packages/django/forms/models.py", line 276, in __new__
    raise FieldError(message)
django.core.exceptions.FieldError: Unknown field(s) (username) specified for AppUser

During handling of the above exception, another exception occurred:

Traceback (most recent call last):
  File "/home/newsapp24/.virtualenvs/mysite-virtualenv/lib/python3.7/site-packages/django/core/handlers/exception.py", line 47, in inner
    response = get_response(request)
  File "/home/newsapp24/.virtualenvs/mysite-virtualenv/lib/python3.7/site-packages/django/core/handlers/base.py", line 181, in _get_response
    response = wrapped_callback(request, *callback_args, **callback_kwargs)
  File "/home/newsapp24/.virtualenvs/mysite-virtualenv/lib/python3.7/site-packages/django/contrib/admin/options.py", line 616, in wrapper
    return self.admin_site.admin_view(view)(*args, **kwargs)
  File "/home/newsapp24/.virtualenvs/mysite-virtualenv/lib/python3.7/site-packages/django/utils/decorators.py", line 130, in _wrapped_view
    response = view_func(request, *args, **kwargs)
  File "/home/newsapp24/.virtualenvs/mysite-virtualenv/lib/python3.7/site-packages/django/views/decorators/cache.py", line 44, in _wrapped_view_func
    response = view_func(request, *args, **kwargs)
  File "/home/newsapp24/.virtualenvs/mysite-virtualenv/lib/python3.7/site-packages/django/contrib/admin/sites.py", line 232, in inner
    return view(request, *args, **kwargs)
  File "/home/newsapp24/.virtualenvs/mysite-virtualenv/lib/python3.7/site-packages/django/contrib/admin/options.py", line 1660, in change_view
    return self.changeform_view(request, object_id, form_url, extra_context)
  File "/home/newsapp24/.virtualenvs/mysite-virtualenv/lib/python3.7/site-packages/django/utils/decorators.py", line 43, in _wrapper
    return bound_method(*args, **kwargs)
  File "/home/newsapp24/.virtualenvs/mysite-virtualenv/lib/python3.7/site-packages/django/utils/decorators.py", line 130, in _wrapped_view
    response = view_func(request, *args, **kwargs)
  File "/home/newsapp24/.virtualenvs/mysite-virtualenv/lib/python3.7/site-packages/django/contrib/admin/options.py", line 1540, in changeform_view
    return self._changeform_view(request, object_id, form_url, extra_context)
  File "/home/newsapp24/.virtualenvs/mysite-virtualenv/lib/python3.7/site-packages/django/contrib/admin/options.py", line 1575, in _changeform_view
    request, obj, change=not add, fields=flatten_fieldsets(fieldsets)
  File "/home/newsapp24/.virtualenvs/mysite-virtualenv/lib/python3.7/site-packages/django/contrib/auth/admin.py", line 80, in get_form
    return super().get_form(request, obj, **defaults)
  File "/home/newsapp24/.virtualenvs/mysite-virtualenv/lib/python3.7/site-packages/django/contrib/admin/options.py", line 714, in get_form
    % (e, self.__class__.__name__)
django.core.exceptions.FieldError: Unknown field(s) (username) specified for AppUser. Check fields/fieldsets/exclude attributes of class AppUserAdmin.
Not Found: /static/libs/jquery/dist/jquery.min.js
Not Found: /static/libs/jquery/dist/jquery.min.js
Not Found: /static/libs/simplebar/dist/simplebar.css
Not Found: /static/libs/simplebar/dist/simplebar.css
Not Found: /static/libs/bootstrap/dist/js/bootstrap.bundle.min.js
Not Found: /static/libs/bootstrap/dist/js/bootstrap.bundle.min.js
Not Found: /static/libs/simplebar/dist/simplebar.js
Not Found: /static/libs/simplebar/dist/simplebar.js
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
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
Not Found: /static/libs/jquery/dist/jquery.min.js
Not Found: /static/libs/jquery/dist/jquery.min.js
Not Found: /static/libs/bootstrap/dist/js/bootstrap.bundle.min.js
Not Found: /static/libs/bootstrap/dist/js/bootstrap.bundle.min.js
Not Found: /static/libs/simplebar/dist/simplebar.css
Not Found: /static/libs/simplebar/dist/simplebar.css
Not Found: /static/libs/simplebar/dist/simplebar.js
Not Found: /static/libs/simplebar/dist/simplebar.js
Not Found: /static/libs/bootstrap/dist/js/bootstrap.bundle.min.js
Not Found: /static/libs/bootstrap/dist/js/bootstrap.bundle.min.js
Not Found: /static/libs/jquery/dist/jquery.min.js
Not Found: /static/libs/jquery/dist/jquery.min.js
Not Found: /static/libs/simplebar/dist/simplebar.css
Not Found: /static/libs/simplebar/dist/simplebar.css
Not Found: /static/libs/simplebar/dist/simplebar.js
Not Found: /static/libs/simplebar/dist/simplebar.js
HTTP Request: POST https://api.openai.com/v1/chat/completions "HTTP/1.1 200 OK"
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
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
Not Found: /static/libs/jquery/dist/jquery.min.js
Not Found: /static/libs/jquery/dist/jquery.min.js
Not Found: /static/libs/bootstrap/dist/js/bootstrap.bundle.min.js
Not Found: /static/libs/bootstrap/dist/js/bootstrap.bundle.min.js
Not Found: /static/libs/simplebar/dist/simplebar.css
Not Found: /static/libs/simplebar/dist/simplebar.css
Not Found: /static/libs/simplebar/dist/simplebar.js
Not Found: /static/libs/simplebar/dist/simplebar.js
HTTP Request: POST https://api.openai.com/v1/chat/completions "HTTP/1.1 200 OK"
Text formating .................
Text formating .................
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
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
Not Found: /static/libs/jquery/dist/jquery.min.js
Not Found: /static/libs/jquery/dist/jquery.min.js
Not Found: /static/libs/bootstrap/dist/js/bootstrap.bundle.min.js
Not Found: /static/libs/bootstrap/dist/js/bootstrap.bundle.min.js
Not Found: /static/libs/simplebar/dist/simplebar.css
Not Found: /static/libs/simplebar/dist/simplebar.css
Not Found: /static/libs/simplebar/dist/simplebar.js
Not Found: /static/libs/simplebar/dist/simplebar.js
Not Found: /static/libs/jquery/dist/jquery.min.js
Not Found: /static/libs/jquery/dist/jquery.min.js
Not Found: /static/libs/simplebar/dist/simplebar.js
Not Found: /static/libs/simplebar/dist/simplebar.js
Not Found: /static/libs/bootstrap/dist/js/bootstrap.bundle.min.js
Not Found: /static/libs/bootstrap/dist/js/bootstrap.bundle.min.js
Not Found: /static/libs/simplebar/dist/simplebar.css
Not Found: /static/libs/simplebar/dist/simplebar.css
HTTP Request: POST https://api.openai.com/v1/chat/completions "HTTP/1.1 200 OK"
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
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
Not Found: /static/libs/jquery/dist/jquery.min.js
Not Found: /static/libs/jquery/dist/jquery.min.js
Not Found: /static/libs/bootstrap/dist/js/bootstrap.bundle.min.js
Not Found: /static/libs/bootstrap/dist/js/bootstrap.bundle.min.js
Not Found: /static/libs/simplebar/dist/simplebar.css
Not Found: /static/libs/simplebar/dist/simplebar.css
Not Found: /static/libs/simplebar/dist/simplebar.js
Not Found: /static/libs/simplebar/dist/simplebar.js
Retrying request to /chat/completions in 0.913683 seconds
Not Found: /static/libs/jquery/dist/jquery.min.js
Not Found: /static/libs/jquery/dist/jquery.min.js
Not Found: /static/libs/bootstrap/dist/js/bootstrap.bundle.min.js
Not Found: /static/libs/bootstrap/dist/js/bootstrap.bundle.min.js
Not Found: /static/libs/simplebar/dist/simplebar.css
Not Found: /static/libs/simplebar/dist/simplebar.css
Not Found: /static/libs/simplebar/dist/simplebar.js
Not Found: /static/libs/simplebar/dist/simplebar.js
Not Found: /static/libs/bootstrap/dist/js/bootstrap.bundle.min.js
Not Found: /static/libs/bootstrap/dist/js/bootstrap.bundle.min.js
Not Found: /static/libs/jquery/dist/jquery.min.js
Not Found: /static/libs/jquery/dist/jquery.min.js
Not Found: /static/libs/simplebar/dist/simplebar.css
Not Found: /static/libs/simplebar/dist/simplebar.css
Not Found: /static/libs/simplebar/dist/simplebar.js
Not Found: /static/libs/simplebar/dist/simplebar.js
Not Found: /static/libs/bootstrap/dist/js/bootstrap.bundle.min.js
Not Found: /static/libs/bootstrap/dist/js/bootstrap.bundle.min.js
Not Found: /static/libs/simplebar/dist/simplebar.css
Not Found: /static/libs/simplebar/dist/simplebar.css
Not Found: /static/libs/jquery/dist/jquery.min.js
Not Found: /static/libs/jquery/dist/jquery.min.js
Not Found: /static/libs/simplebar/dist/simplebar.js
Not Found: /static/libs/simplebar/dist/simplebar.js
HTTP Request: POST https://api.openai.com/v1/chat/completions "HTTP/1.1 200 OK"
Text formating .................
Text formating .................
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
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
Not Found: /static/libs/jquery/dist/jquery.min.js
Not Found: /static/libs/jquery/dist/jquery.min.js
Not Found: /static/libs/bootstrap/dist/js/bootstrap.bundle.min.js
Not Found: /static/libs/bootstrap/dist/js/bootstrap.bundle.min.js
Not Found: /static/libs/simplebar/dist/simplebar.css
Not Found: /static/libs/simplebar/dist/simplebar.css
Not Found: /static/libs/simplebar/dist/simplebar.js
Not Found: /static/libs/simplebar/dist/simplebar.js
Not Found: /static/libs/bootstrap/dist/js/bootstrap.bundle.min.js
Not Found: /static/libs/bootstrap/dist/js/bootstrap.bundle.min.js
Not Found: /static/libs/jquery/dist/jquery.min.js
Not Found: /static/libs/jquery/dist/jquery.min.js
Not Found: /static/libs/simplebar/dist/simplebar.css
Not Found: /static/libs/simplebar/dist/simplebar.css
Not Found: /static/libs/simplebar/dist/simplebar.js
Not Found: /static/libs/simplebar/dist/simplebar.js
HTTP Request: POST https://api.openai.com/v1/chat/completions "HTTP/1.1 200 OK"
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
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
Not Found: /static/libs/jquery/dist/jquery.min.js
Not Found: /static/libs/jquery/dist/jquery.min.js
Not Found: /static/libs/bootstrap/dist/js/bootstrap.bundle.min.js
Not Found: /static/libs/bootstrap/dist/js/bootstrap.bundle.min.js
Not Found: /static/libs/simplebar/dist/simplebar.css
Not Found: /static/libs/simplebar/dist/simplebar.css
Not Found: /static/libs/simplebar/dist/simplebar.js
Not Found: /static/libs/simplebar/dist/simplebar.js
Retrying request to /chat/completions in 0.817654 seconds
https://www.diariodeibiza.com/ibiza/inside-calvin-harris-ibiza-estate/
https://www.diariodeibiza.com/ibiza/inside-calvin-harris-ibiza-estate/
https://www.diariodeibiza.com/ibiza/inside-calvin-harris-ibiza-estate/
https://www.diariodeibiza.com/ibiza/inside-calvin-harris-ibiza-estate/
Not Found: /static/libs/simplebar/dist/simplebar.js
Not Found: /static/libs/simplebar/dist/simplebar.js
Not Found: /static/libs/jquery/dist/jquery.min.js
Not Found: /static/libs/jquery/dist/jquery.min.js
Not Found: /static/libs/bootstrap/dist/js/bootstrap.bundle.min.js
Not Found: /static/libs/bootstrap/dist/js/bootstrap.bundle.min.js
Not Found: /static/libs/simplebar/dist/simplebar.css
Not Found: /static/libs/simplebar/dist/simplebar.css
HTTP Request: POST https://api.openai.com/v1/chat/completions "HTTP/1.1 200 OK"
Text formating .................
Text formating .................
https://www.diariodeibiza.com/ibiza/inside-calvin-harris-ibiza-estate/
https://www.diariodeibiza.com/ibiza/inside-calvin-harris-ibiza-estate/
https://www.diariodeibiza.com/ibiza/inside-calvin-harris-ibiza-estate/
https://www.diariodeibiza.com/ibiza/inside-calvin-harris-ibiza-estate/
Not Found: /static/libs/jquery/dist/jquery.min.js
Not Found: /static/libs/jquery/dist/jquery.min.js
Not Found: /static/libs/bootstrap/dist/js/bootstrap.bundle.min.js
Not Found: /static/libs/bootstrap/dist/js/bootstrap.bundle.min.js
Not Found: /static/libs/simplebar/dist/simplebar.css
Not Found: /static/libs/simplebar/dist/simplebar.css
Not Found: /static/libs/simplebar/dist/simplebar.js
Not Found: /static/libs/simplebar/dist/simplebar.js
 Title :  Exploring The Luxurious Retreat Of Calvin Harris In Ibiza
 Title :  Exploring The Luxurious Retreat Of Calvin Harris In Ibiza
 website_id :  2
 website_id :  2
 website_url : https://travelsfix.com/
 website_url : https://travelsfix.com/
 username : 4jxz4yg4
 username : 4jxz4yg4
 app_pass : 93zs sDTK CIFq rbXs ZY7Ffc
 app_pass : 93zs sDTK CIFq rbXs ZY7Ffc
 category : 
 category : 
 post_status : None
 post_status : None
--- Logging error ---
Traceback (most recent call last):
  File "/usr/local/lib/python3.7/logging/__init__.py", line 1025, in emit
    msg = self.format(record)
  File "/usr/local/lib/python3.7/logging/__init__.py", line 869, in format
    return fmt.format(record)
  File "/usr/local/lib/python3.7/logging/__init__.py", line 608, in format
    record.message = record.getMessage()
  File "/usr/local/lib/python3.7/logging/__init__.py", line 369, in getMessage
    msg = msg % self.args
TypeError: not all arguments converted during string formatting
Call stack:
  File "/bin/user_wsgi_wrapper.py", line 207, in __call__
    app_iterator = self.app(environ, start_response)
  File "/home/newsapp24/.virtualenvs/mysite-virtualenv/lib/python3.7/site-packages/django/core/handlers/wsgi.py", line 133, in __call__
    response = self.get_response(request)
  File "/home/newsapp24/.virtualenvs/mysite-virtualenv/lib/python3.7/site-packages/django/core/handlers/base.py", line 130, in get_response
    response = self._middleware_chain(request)
  File "/home/newsapp24/.virtualenvs/mysite-virtualenv/lib/python3.7/site-packages/django/core/handlers/exception.py", line 47, in inner
    response = get_response(request)
  File "/home/newsapp24/.virtualenvs/mysite-virtualenv/lib/python3.7/site-packages/django/utils/deprecation.py", line 117, in __call__
    response = response or self.get_response(request)
  File "/home/newsapp24/.virtualenvs/mysite-virtualenv/lib/python3.7/site-packages/django/core/handlers/exception.py", line 47, in inner
    response = get_response(request)
  File "/home/newsapp24/.virtualenvs/mysite-virtualenv/lib/python3.7/site-packages/django/utils/deprecation.py", line 117, in __call__
    response = response or self.get_response(request)
  File "/home/newsapp24/.virtualenvs/mysite-virtualenv/lib/python3.7/site-packages/django/core/handlers/exception.py", line 47, in inner
    response = get_response(request)
  File "/home/newsapp24/.virtualenvs/mysite-virtualenv/lib/python3.7/site-packages/django/utils/deprecation.py", line 117, in __call__
    response = response or self.get_response(request)
  File "/home/newsapp24/.virtualenvs/mysite-virtualenv/lib/python3.7/site-packages/django/core/handlers/exception.py", line 47, in inner
    response = get_response(request)
  File "/home/newsapp24/.virtualenvs/mysite-virtualenv/lib/python3.7/site-packages/django/utils/deprecation.py", line 117, in __call__
    response = response or self.get_response(request)
  File "/home/newsapp24/.virtualenvs/mysite-virtualenv/lib/python3.7/site-packages/django/core/handlers/exception.py", line 47, in inner
    response = get_response(request)
  File "/home/newsapp24/.virtualenvs/mysite-virtualenv/lib/python3.7/site-packages/django/utils/deprecation.py", line 117, in __call__
    response = response or self.get_response(request)
  File "/home/newsapp24/.virtualenvs/mysite-virtualenv/lib/python3.7/site-packages/django/core/handlers/exception.py", line 47, in inner
    response = get_response(request)
  File "/home/newsapp24/.virtualenvs/mysite-virtualenv/lib/python3.7/site-packages/django/utils/deprecation.py", line 117, in __call__
    response = response or self.get_response(request)
  File "/home/newsapp24/.virtualenvs/mysite-virtualenv/lib/python3.7/site-packages/django/core/handlers/exception.py", line 47, in inner
    response = get_response(request)
  File "/home/newsapp24/.virtualenvs/mysite-virtualenv/lib/python3.7/site-packages/django/utils/deprecation.py", line 117, in __call__
    response = response or self.get_response(request)
  File "/home/newsapp24/.virtualenvs/mysite-virtualenv/lib/python3.7/site-packages/django/core/handlers/exception.py", line 47, in inner
    response = get_response(request)
  File "/home/newsapp24/.virtualenvs/mysite-virtualenv/lib/python3.7/site-packages/django/core/handlers/base.py", line 181, in _get_response
    response = wrapped_callback(request, *callback_args, **callback_kwargs)
  File "/home/newsapp24/.virtualenvs/mysite-virtualenv/lib/python3.7/site-packages/django/contrib/auth/decorators.py", line 21, in _wrapped_view
    return view_func(request, *args, **kwargs)
  File "/home/newsapp24/NewsApp/toolsapp/views.py", line 102, in complete_generated_single_view
    logger.info("post_body : ", post_body)
Message: 'post_body : '
Arguments: ('<p>Nestled within the glamorous luxury of Ibiza&#39;s serene landscape lies a paradise that belongs to none other than the renowned DJ and music producer, Calvin Harris. Stepping into his majestic estate is like entering a world where opulence and tranquility intertwine seamlessly, offering a glimpse into the extravagant lifestyle of one of the music industry&#39;s biggest stars. The sprawling property, located in the heart of Ibiza, exudes an aura of exclusivity and sophistication. Surrounded by lush greenery and overlooking the crystal-clear waters of the Mediterranean Sea, the estate is a true testament to the island&#39;s charm and beauty.</p>\r\n\r\n<p>From the moment you set foot on the grounds, you are greeted by an air of luxury that is both inviting and awe-inspiring. As you make your way through the impeccably manicured gardens and past the glistening infinity pool, you are struck by the modern elegance of the architecture. Every corner of the estate is meticulously design...[truncated]
--- Logging error ---
Traceback (most recent call last):
  File "/usr/local/lib/python3.7/logging/__init__.py", line 1025, in emit
    msg = self.format(record)
  File "/usr/local/lib/python3.7/logging/__init__.py", line 869, in format
    return fmt.format(record)
  File "/usr/local/lib/python3.7/logging/__init__.py", line 608, in format
    record.message = record.getMessage()
  File "/usr/local/lib/python3.7/logging/__init__.py", line 369, in getMessage
    msg = msg % self.args
TypeError: not all arguments converted during string formatting
Call stack:
  File "/bin/user_wsgi_wrapper.py", line 207, in __call__
    app_iterator = self.app(environ, start_response)
  File "/home/newsapp24/.virtualenvs/mysite-virtualenv/lib/python3.7/site-packages/django/core/handlers/wsgi.py", line 133, in __call__
    response = self.get_response(request)
  File "/home/newsapp24/.virtualenvs/mysite-virtualenv/lib/python3.7/site-packages/django/core/handlers/base.py", line 130, in get_response
    response = self._middleware_chain(request)
  File "/home/newsapp24/.virtualenvs/mysite-virtualenv/lib/python3.7/site-packages/django/core/handlers/exception.py", line 47, in inner
    response = get_response(request)
  File "/home/newsapp24/.virtualenvs/mysite-virtualenv/lib/python3.7/site-packages/django/utils/deprecation.py", line 117, in __call__
    response = response or self.get_response(request)
  File "/home/newsapp24/.virtualenvs/mysite-virtualenv/lib/python3.7/site-packages/django/core/handlers/exception.py", line 47, in inner
    response = get_response(request)
  File "/home/newsapp24/.virtualenvs/mysite-virtualenv/lib/python3.7/site-packages/django/utils/deprecation.py", line 117, in __call__
    response = response or self.get_response(request)
  File "/home/newsapp24/.virtualenvs/mysite-virtualenv/lib/python3.7/site-packages/django/core/handlers/exception.py", line 47, in inner
    response = get_response(request)
  File "/home/newsapp24/.virtualenvs/mysite-virtualenv/lib/python3.7/site-packages/django/utils/deprecation.py", line 117, in __call__
    response = response or self.get_response(request)
  File "/home/newsapp24/.virtualenvs/mysite-virtualenv/lib/python3.7/site-packages/django/core/handlers/exception.py", line 47, in inner
    response = get_response(request)
  File "/home/newsapp24/.virtualenvs/mysite-virtualenv/lib/python3.7/site-packages/django/utils/deprecation.py", line 117, in __call__
    response = response or self.get_response(request)
  File "/home/newsapp24/.virtualenvs/mysite-virtualenv/lib/python3.7/site-packages/django/core/handlers/exception.py", line 47, in inner
    response = get_response(request)
  File "/home/newsapp24/.virtualenvs/mysite-virtualenv/lib/python3.7/site-packages/django/utils/deprecation.py", line 117, in __call__
    response = response or self.get_response(request)
  File "/home/newsapp24/.virtualenvs/mysite-virtualenv/lib/python3.7/site-packages/django/core/handlers/exception.py", line 47, in inner
    response = get_response(request)
  File "/home/newsapp24/.virtualenvs/mysite-virtualenv/lib/python3.7/site-packages/django/utils/deprecation.py", line 117, in __call__
    response = response or self.get_response(request)
  File "/home/newsapp24/.virtualenvs/mysite-virtualenv/lib/python3.7/site-packages/django/core/handlers/exception.py", line 47, in inner
    response = get_response(request)
  File "/home/newsapp24/.virtualenvs/mysite-virtualenv/lib/python3.7/site-packages/django/utils/deprecation.py", line 117, in __call__
    response = response or self.get_response(request)
  File "/home/newsapp24/.virtualenvs/mysite-virtualenv/lib/python3.7/site-packages/django/core/handlers/exception.py", line 47, in inner
    response = get_response(request)
  File "/home/newsapp24/.virtualenvs/mysite-virtualenv/lib/python3.7/site-packages/django/core/handlers/base.py", line 181, in _get_response
    response = wrapped_callback(request, *callback_args, **callback_kwargs)
  File "/home/newsapp24/.virtualenvs/mysite-virtualenv/lib/python3.7/site-packages/django/contrib/auth/decorators.py", line 21, in _wrapped_view
    return view_func(request, *args, **kwargs)
  File "/home/newsapp24/NewsApp/toolsapp/views.py", line 102, in complete_generated_single_view
    logger.info("post_body : ", post_body)
Message: 'post_body : '
Arguments: ('<p>Nestled within the glamorous luxury of Ibiza&#39;s serene landscape lies a paradise that belongs to none other than the renowned DJ and music producer, Calvin Harris. Stepping into his majestic estate is like entering a world where opulence and tranquility intertwine seamlessly, offering a glimpse into the extravagant lifestyle of one of the music industry&#39;s biggest stars. The sprawling property, located in the heart of Ibiza, exudes an aura of exclusivity and sophistication. Surrounded by lush greenery and overlooking the crystal-clear waters of the Mediterranean Sea, the estate is a true testament to the island&#39;s charm and beauty.</p>\r\n\r\n<p>From the moment you set foot on the grounds, you are greeted by an air of luxury that is both inviting and awe-inspiring. As you make your way through the impeccably manicured gardens and past the glistening infinity pool, you are struck by the modern elegance of the architecture. Every corner of the estate is meticulously design...[truncated]
--- Logging error ---
Traceback (most recent call last):
  File "/usr/local/lib/python3.7/logging/__init__.py", line 1025, in emit
    msg = self.format(record)
  File "/usr/local/lib/python3.7/logging/__init__.py", line 869, in format
    return fmt.format(record)
  File "/usr/local/lib/python3.7/logging/__init__.py", line 608, in format
    record.message = record.getMessage()
  File "/usr/local/lib/python3.7/logging/__init__.py", line 369, in getMessage
    msg = msg % self.args
TypeError: not all arguments converted during string formatting
Call stack:
  File "/bin/user_wsgi_wrapper.py", line 207, in __call__
    app_iterator = self.app(environ, start_response)
  File "/home/newsapp24/.virtualenvs/mysite-virtualenv/lib/python3.7/site-packages/django/core/handlers/wsgi.py", line 133, in __call__
    response = self.get_response(request)
  File "/home/newsapp24/.virtualenvs/mysite-virtualenv/lib/python3.7/site-packages/django/core/handlers/base.py", line 130, in get_response
    response = self._middleware_chain(request)
  File "/home/newsapp24/.virtualenvs/mysite-virtualenv/lib/python3.7/site-packages/django/core/handlers/exception.py", line 47, in inner
    response = get_response(request)
  File "/home/newsapp24/.virtualenvs/mysite-virtualenv/lib/python3.7/site-packages/django/utils/deprecation.py", line 117, in __call__
    response = response or self.get_response(request)
  File "/home/newsapp24/.virtualenvs/mysite-virtualenv/lib/python3.7/site-packages/django/core/handlers/exception.py", line 47, in inner
    response = get_response(request)
  File "/home/newsapp24/.virtualenvs/mysite-virtualenv/lib/python3.7/site-packages/django/utils/deprecation.py", line 117, in __call__
    response = response or self.get_response(request)
  File "/home/newsapp24/.virtualenvs/mysite-virtualenv/lib/python3.7/site-packages/django/core/handlers/exception.py", line 47, in inner
    response = get_response(request)
  File "/home/newsapp24/.virtualenvs/mysite-virtualenv/lib/python3.7/site-packages/django/utils/deprecation.py", line 117, in __call__
    response = response or self.get_response(request)
  File "/home/newsapp24/.virtualenvs/mysite-virtualenv/lib/python3.7/site-packages/django/core/handlers/exception.py", line 47, in inner
    response = get_response(request)
  File "/home/newsapp24/.virtualenvs/mysite-virtualenv/lib/python3.7/site-packages/django/utils/deprecation.py", line 117, in __call__
    response = response or self.get_response(request)
  File "/home/newsapp24/.virtualenvs/mysite-virtualenv/lib/python3.7/site-packages/django/core/handlers/exception.py", line 47, in inner
    response = get_response(request)
  File "/home/newsapp24/.virtualenvs/mysite-virtualenv/lib/python3.7/site-packages/django/utils/deprecation.py", line 117, in __call__
    response = response or self.get_response(request)
  File "/home/newsapp24/.virtualenvs/mysite-virtualenv/lib/python3.7/site-packages/django/core/handlers/exception.py", line 47, in inner
    response = get_response(request)
  File "/home/newsapp24/.virtualenvs/mysite-virtualenv/lib/python3.7/site-packages/django/utils/deprecation.py", line 117, in __call__
    response = response or self.get_response(request)
  File "/home/newsapp24/.virtualenvs/mysite-virtualenv/lib/python3.7/site-packages/django/core/handlers/exception.py", line 47, in inner
    response = get_response(request)
  File "/home/newsapp24/.virtualenvs/mysite-virtualenv/lib/python3.7/site-packages/django/utils/deprecation.py", line 117, in __call__
    response = response or self.get_response(request)
  File "/home/newsapp24/.virtualenvs/mysite-virtualenv/lib/python3.7/site-packages/django/core/handlers/exception.py", line 47, in inner
    response = get_response(request)
  File "/home/newsapp24/.virtualenvs/mysite-virtualenv/lib/python3.7/site-packages/django/core/handlers/base.py", line 181, in _get_response
    response = wrapped_callback(request, *callback_args, **callback_kwargs)
  File "/home/newsapp24/.virtualenvs/mysite-virtualenv/lib/python3.7/site-packages/django/contrib/auth/decorators.py", line 21, in _wrapped_view
    return view_func(request, *args, **kwargs)
  File "/home/newsapp24/NewsApp/toolsapp/views.py", line 102, in complete_generated_single_view
    logger.info("post_body : ", post_body)
Message: 'post_body : '
Arguments: ('<p>Nestled within the glamorous luxury of Ibiza&#39;s serene landscape lies a paradise that belongs to none other than the renowned DJ and music producer, Calvin Harris. Stepping into his majestic estate is like entering a world where opulence and tranquility intertwine seamlessly, offering a glimpse into the extravagant lifestyle of one of the music industry&#39;s biggest stars. The sprawling property, located in the heart of Ibiza, exudes an aura of exclusivity and sophistication. Surrounded by lush greenery and overlooking the crystal-clear waters of the Mediterranean Sea, the estate is a true testament to the island&#39;s charm and beauty.</p>\r\n\r\n<p>From the moment you set foot on the grounds, you are greeted by an air of luxury that is both inviting and awe-inspiring. As you make your way through the impeccably manicured gardens and past the glistening infinity pool, you are struck by the modern elegance of the architecture. Every corner of the estate is meticulously design...[truncated]
--- Logging error ---
Traceback (most recent call last):
  File "/usr/local/lib/python3.7/logging/__init__.py", line 1025, in emit
    msg = self.format(record)
  File "/usr/local/lib/python3.7/logging/__init__.py", line 869, in format
    return fmt.format(record)
  File "/usr/local/lib/python3.7/logging/__init__.py", line 608, in format
    record.message = record.getMessage()
  File "/usr/local/lib/python3.7/logging/__init__.py", line 369, in getMessage
    msg = msg % self.args
TypeError: not all arguments converted during string formatting
Call stack:
  File "/bin/user_wsgi_wrapper.py", line 207, in __call__
    app_iterator = self.app(environ, start_response)
  File "/home/newsapp24/.virtualenvs/mysite-virtualenv/lib/python3.7/site-packages/django/core/handlers/wsgi.py", line 133, in __call__
    response = self.get_response(request)
  File "/home/newsapp24/.virtualenvs/mysite-virtualenv/lib/python3.7/site-packages/django/core/handlers/base.py", line 130, in get_response
    response = self._middleware_chain(request)
  File "/home/newsapp24/.virtualenvs/mysite-virtualenv/lib/python3.7/site-packages/django/core/handlers/exception.py", line 47, in inner
    response = get_response(request)
  File "/home/newsapp24/.virtualenvs/mysite-virtualenv/lib/python3.7/site-packages/django/utils/deprecation.py", line 117, in __call__
    response = response or self.get_response(request)
  File "/home/newsapp24/.virtualenvs/mysite-virtualenv/lib/python3.7/site-packages/django/core/handlers/exception.py", line 47, in inner
    response = get_response(request)
  File "/home/newsapp24/.virtualenvs/mysite-virtualenv/lib/python3.7/site-packages/django/utils/deprecation.py", line 117, in __call__
    response = response or self.get_response(request)
  File "/home/newsapp24/.virtualenvs/mysite-virtualenv/lib/python3.7/site-packages/django/core/handlers/exception.py", line 47, in inner
    response = get_response(request)
  File "/home/newsapp24/.virtualenvs/mysite-virtualenv/lib/python3.7/site-packages/django/utils/deprecation.py", line 117, in __call__
    response = response or self.get_response(request)
  File "/home/newsapp24/.virtualenvs/mysite-virtualenv/lib/python3.7/site-packages/django/core/handlers/exception.py", line 47, in inner
    response = get_response(request)
  File "/home/newsapp24/.virtualenvs/mysite-virtualenv/lib/python3.7/site-packages/django/utils/deprecation.py", line 117, in __call__
    response = response or self.get_response(request)
  File "/home/newsapp24/.virtualenvs/mysite-virtualenv/lib/python3.7/site-packages/django/core/handlers/exception.py", line 47, in inner
    response = get_response(request)
  File "/home/newsapp24/.virtualenvs/mysite-virtualenv/lib/python3.7/site-packages/django/utils/deprecation.py", line 117, in __call__
    response = response or self.get_response(request)
  File "/home/newsapp24/.virtualenvs/mysite-virtualenv/lib/python3.7/site-packages/django/core/handlers/exception.py", line 47, in inner
    response = get_response(request)
  File "/home/newsapp24/.virtualenvs/mysite-virtualenv/lib/python3.7/site-packages/django/utils/deprecation.py", line 117, in __call__
    response = response or self.get_response(request)
  File "/home/newsapp24/.virtualenvs/mysite-virtualenv/lib/python3.7/site-packages/django/core/handlers/exception.py", line 47, in inner
    response = get_response(request)
  File "/home/newsapp24/.virtualenvs/mysite-virtualenv/lib/python3.7/site-packages/django/utils/deprecation.py", line 117, in __call__
    response = response or self.get_response(request)
  File "/home/newsapp24/.virtualenvs/mysite-virtualenv/lib/python3.7/site-packages/django/core/handlers/exception.py", line 47, in inner
    response = get_response(request)
  File "/home/newsapp24/.virtualenvs/mysite-virtualenv/lib/python3.7/site-packages/django/core/handlers/base.py", line 181, in _get_response
    response = wrapped_callback(request, *callback_args, **callback_kwargs)
  File "/home/newsapp24/.virtualenvs/mysite-virtualenv/lib/python3.7/site-packages/django/contrib/auth/decorators.py", line 21, in _wrapped_view
    return view_func(request, *args, **kwargs)
  File "/home/newsapp24/NewsApp/toolsapp/views.py", line 102, in complete_generated_single_view
    logger.info("post_body : ", post_body)
Message: 'post_body : '
Arguments: ('<p>Nestled within the glamorous luxury of Ibiza&#39;s serene landscape lies a paradise that belongs to none other than the renowned DJ and music producer, Calvin Harris. Stepping into his majestic estate is like entering a world where opulence and tranquility intertwine seamlessly, offering a glimpse into the extravagant lifestyle of one of the music industry&#39;s biggest stars. The sprawling property, located in the heart of Ibiza, exudes an aura of exclusivity and sophistication. Surrounded by lush greenery and overlooking the crystal-clear waters of the Mediterranean Sea, the estate is a true testament to the island&#39;s charm and beauty.</p>\r\n\r\n<p>From the moment you set foot on the grounds, you are greeted by an air of luxury that is both inviting and awe-inspiring. As you make your way through the impeccably manicured gardens and past the glistening infinity pool, you are struck by the modern elegance of the architecture. Every corner of the estate is meticulously design...[truncated]
Internal Server Error: /complete-generated-single-view/3
Traceback (most recent call last):
  File "/home/newsapp24/.virtualenvs/mysite-virtualenv/lib/python3.7/site-packages/django/core/handlers/exception.py", line 47, in inner
    response = get_response(request)
  File "/home/newsapp24/.virtualenvs/mysite-virtualenv/lib/python3.7/site-packages/django/core/handlers/base.py", line 181, in _get_response
    response = wrapped_callback(request, *callback_args, **callback_kwargs)
  File "/home/newsapp24/.virtualenvs/mysite-virtualenv/lib/python3.7/site-packages/django/contrib/auth/decorators.py", line 21, in _wrapped_view
    return view_func(request, *args, **kwargs)
  File "/home/newsapp24/NewsApp/toolsapp/views.py", line 102, in complete_generated_single_view
    logger.info("post_body : ", post_body)
  File "/usr/local/lib/python3.7/logging/__init__.py", line 1378, in info
    self._log(INFO, msg, args, **kwargs)
  File "/usr/local/lib/python3.7/logging/__init__.py", line 1514, in _log
    self.handle(record)
  File "/usr/local/lib/python3.7/logging/__init__.py", line 1524, in handle
    self.callHandlers(record)
  File "/usr/local/lib/python3.7/logging/__init__.py", line 1586, in callHandlers
    hdlr.handle(record)
  File "/usr/local/lib/python3.7/logging/__init__.py", line 894, in handle
    self.emit(record)
  File "/bin/user_wsgi_wrapper.py", line 113, in emit
    format_with_millis(datetime.now()), self.format(record)
  File "/usr/local/lib/python3.7/logging/__init__.py", line 869, in format
    return fmt.format(record)
  File "/usr/local/lib/python3.7/logging/__init__.py", line 608, in format
    record.message = record.getMessage()
  File "/usr/local/lib/python3.7/logging/__init__.py", line 369, in getMessage
    msg = msg % self.args
TypeError: not all arguments converted during string formatting
Internal Server Error: /complete-generated-single-view/3
Traceback (most recent call last):
  File "/home/newsapp24/.virtualenvs/mysite-virtualenv/lib/python3.7/site-packages/django/core/handlers/exception.py", line 47, in inner
    response = get_response(request)
  File "/home/newsapp24/.virtualenvs/mysite-virtualenv/lib/python3.7/site-packages/django/core/handlers/base.py", line 181, in _get_response
    response = wrapped_callback(request, *callback_args, **callback_kwargs)
  File "/home/newsapp24/.virtualenvs/mysite-virtualenv/lib/python3.7/site-packages/django/contrib/auth/decorators.py", line 21, in _wrapped_view
    return view_func(request, *args, **kwargs)
  File "/home/newsapp24/NewsApp/toolsapp/views.py", line 102, in complete_generated_single_view
    logger.info("post_body : ", post_body)
  File "/usr/local/lib/python3.7/logging/__init__.py", line 1378, in info
    self._log(INFO, msg, args, **kwargs)
  File "/usr/local/lib/python3.7/logging/__init__.py", line 1514, in _log
    self.handle(record)
  File "/usr/local/lib/python3.7/logging/__init__.py", line 1524, in handle
    self.callHandlers(record)
  File "/usr/local/lib/python3.7/logging/__init__.py", line 1586, in callHandlers
    hdlr.handle(record)
  File "/usr/local/lib/python3.7/logging/__init__.py", line 894, in handle
    self.emit(record)
  File "/bin/user_wsgi_wrapper.py", line 113, in emit
    format_with_millis(datetime.now()), self.format(record)
  File "/usr/local/lib/python3.7/logging/__init__.py", line 869, in format
    return fmt.format(record)
  File "/usr/local/lib/python3.7/logging/__init__.py", line 608, in format
    record.message = record.getMessage()
  File "/usr/local/lib/python3.7/logging/__init__.py", line 369, in getMessage
    msg = msg % self.args
TypeError: not all arguments converted during string formatting
Not Found: /static/libs/simplebar/dist/simplebar.js
Not Found: /static/libs/simplebar/dist/simplebar.js
 Title :  Exploring The Luxurious Retreat Of Calvin Harris In Ibiza
 Title :  Exploring The Luxurious Retreat Of Calvin Harris In Ibiza
 website_id :  2
 website_id :  2
 website_url : https://travelsfix.com/
 website_url : https://travelsfix.com/
 username : 4jxz4yg4
 username : 4jxz4yg4
 app_pass : 93zs sDTK CIFq rbXs ZY7Ffc
 app_pass : 93zs sDTK CIFq rbXs ZY7Ffc
 category : 
 category : 
 post_status : None
 post_status : None
--- Logging error ---
Traceback (most recent call last):
  File "/usr/local/lib/python3.7/logging/__init__.py", line 1025, in emit
    msg = self.format(record)
  File "/usr/local/lib/python3.7/logging/__init__.py", line 869, in format
    return fmt.format(record)
  File "/usr/local/lib/python3.7/logging/__init__.py", line 608, in format
    record.message = record.getMessage()
  File "/usr/local/lib/python3.7/logging/__init__.py", line 369, in getMessage
    msg = msg % self.args
TypeError: not all arguments converted during string formatting
Call stack:
  File "/bin/user_wsgi_wrapper.py", line 207, in __call__
    app_iterator = self.app(environ, start_response)
  File "/home/newsapp24/.virtualenvs/mysite-virtualenv/lib/python3.7/site-packages/django/core/handlers/wsgi.py", line 133, in __call__
    response = self.get_response(request)
  File "/home/newsapp24/.virtualenvs/mysite-virtualenv/lib/python3.7/site-packages/django/core/handlers/base.py", line 130, in get_response
    response = self._middleware_chain(request)
  File "/home/newsapp24/.virtualenvs/mysite-virtualenv/lib/python3.7/site-packages/django/core/handlers/exception.py", line 47, in inner
    response = get_response(request)
  File "/home/newsapp24/.virtualenvs/mysite-virtualenv/lib/python3.7/site-packages/django/utils/deprecation.py", line 117, in __call__
    response = response or self.get_response(request)
  File "/home/newsapp24/.virtualenvs/mysite-virtualenv/lib/python3.7/site-packages/django/core/handlers/exception.py", line 47, in inner
    response = get_response(request)
  File "/home/newsapp24/.virtualenvs/mysite-virtualenv/lib/python3.7/site-packages/django/utils/deprecation.py", line 117, in __call__
    response = response or self.get_response(request)
  File "/home/newsapp24/.virtualenvs/mysite-virtualenv/lib/python3.7/site-packages/django/core/handlers/exception.py", line 47, in inner
    response = get_response(request)
  File "/home/newsapp24/.virtualenvs/mysite-virtualenv/lib/python3.7/site-packages/django/utils/deprecation.py", line 117, in __call__
    response = response or self.get_response(request)
  File "/home/newsapp24/.virtualenvs/mysite-virtualenv/lib/python3.7/site-packages/django/core/handlers/exception.py", line 47, in inner
    response = get_response(request)
  File "/home/newsapp24/.virtualenvs/mysite-virtualenv/lib/python3.7/site-packages/django/utils/deprecation.py", line 117, in __call__
    response = response or self.get_response(request)
  File "/home/newsapp24/.virtualenvs/mysite-virtualenv/lib/python3.7/site-packages/django/core/handlers/exception.py", line 47, in inner
    response = get_response(request)
  File "/home/newsapp24/.virtualenvs/mysite-virtualenv/lib/python3.7/site-packages/django/utils/deprecation.py", line 117, in __call__
    response = response or self.get_response(request)
  File "/home/newsapp24/.virtualenvs/mysite-virtualenv/lib/python3.7/site-packages/django/core/handlers/exception.py", line 47, in inner
    response = get_response(request)
  File "/home/newsapp24/.virtualenvs/mysite-virtualenv/lib/python3.7/site-packages/django/utils/deprecation.py", line 117, in __call__
    response = response or self.get_response(request)
  File "/home/newsapp24/.virtualenvs/mysite-virtualenv/lib/python3.7/site-packages/django/core/handlers/exception.py", line 47, in inner
    response = get_response(request)
  File "/home/newsapp24/.virtualenvs/mysite-virtualenv/lib/python3.7/site-packages/django/utils/deprecation.py", line 117, in __call__
    response = response or self.get_response(request)
  File "/home/newsapp24/.virtualenvs/mysite-virtualenv/lib/python3.7/site-packages/django/core/handlers/exception.py", line 47, in inner
    response = get_response(request)
  File "/home/newsapp24/.virtualenvs/mysite-virtualenv/lib/python3.7/site-packages/django/core/handlers/base.py", line 181, in _get_response
    response = wrapped_callback(request, *callback_args, **callback_kwargs)
  File "/home/newsapp24/.virtualenvs/mysite-virtualenv/lib/python3.7/site-packages/django/contrib/auth/decorators.py", line 21, in _wrapped_view
    return view_func(request, *args, **kwargs)
  File "/home/newsapp24/NewsApp/toolsapp/views.py", line 102, in complete_generated_single_view
    logger.info("post_body : ", post_body)
Message: 'post_body : '
Arguments: ('<p>Nestled within the glamorous luxury of Ibiza&#39;s serene landscape lies a paradise that belongs to none other than the renowned DJ and music producer, Calvin Harris. Stepping into his majestic estate is like entering a world where opulence and tranquility intertwine seamlessly, offering a glimpse into the extravagant lifestyle of one of the music industry&#39;s biggest stars. The sprawling property, located in the heart of Ibiza, exudes an aura of exclusivity and sophistication. Surrounded by lush greenery and overlooking the crystal-clear waters of the Mediterranean Sea, the estate is a true testament to the island&#39;s charm and beauty.</p>\r\n\r\n<p>From the moment you set foot on the grounds, you are greeted by an air of luxury that is both inviting and awe-inspiring. As you make your way through the impeccably manicured gardens and past the glistening infinity pool, you are struck by the modern elegance of the architecture. Every corner of the estate is meticulously design...[truncated]
--- Logging error ---
Traceback (most recent call last):
  File "/usr/local/lib/python3.7/logging/__init__.py", line 1025, in emit
    msg = self.format(record)
  File "/usr/local/lib/python3.7/logging/__init__.py", line 869, in format
    return fmt.format(record)
  File "/usr/local/lib/python3.7/logging/__init__.py", line 608, in format
    record.message = record.getMessage()
  File "/usr/local/lib/python3.7/logging/__init__.py", line 369, in getMessage
    msg = msg % self.args
TypeError: not all arguments converted during string formatting
Call stack:
  File "/bin/user_wsgi_wrapper.py", line 207, in __call__
    app_iterator = self.app(environ, start_response)
  File "/home/newsapp24/.virtualenvs/mysite-virtualenv/lib/python3.7/site-packages/django/core/handlers/wsgi.py", line 133, in __call__
    response = self.get_response(request)
  File "/home/newsapp24/.virtualenvs/mysite-virtualenv/lib/python3.7/site-packages/django/core/handlers/base.py", line 130, in get_response
    response = self._middleware_chain(request)
  File "/home/newsapp24/.virtualenvs/mysite-virtualenv/lib/python3.7/site-packages/django/core/handlers/exception.py", line 47, in inner
    response = get_response(request)
  File "/home/newsapp24/.virtualenvs/mysite-virtualenv/lib/python3.7/site-packages/django/utils/deprecation.py", line 117, in __call__
    response = response or self.get_response(request)
  File "/home/newsapp24/.virtualenvs/mysite-virtualenv/lib/python3.7/site-packages/django/core/handlers/exception.py", line 47, in inner
    response = get_response(request)
  File "/home/newsapp24/.virtualenvs/mysite-virtualenv/lib/python3.7/site-packages/django/utils/deprecation.py", line 117, in __call__
    response = response or self.get_response(request)
  File "/home/newsapp24/.virtualenvs/mysite-virtualenv/lib/python3.7/site-packages/django/core/handlers/exception.py", line 47, in inner
    response = get_response(request)
  File "/home/newsapp24/.virtualenvs/mysite-virtualenv/lib/python3.7/site-packages/django/utils/deprecation.py", line 117, in __call__
    response = response or self.get_response(request)
  File "/home/newsapp24/.virtualenvs/mysite-virtualenv/lib/python3.7/site-packages/django/core/handlers/exception.py", line 47, in inner
    response = get_response(request)
  File "/home/newsapp24/.virtualenvs/mysite-virtualenv/lib/python3.7/site-packages/django/utils/deprecation.py", line 117, in __call__
    response = response or self.get_response(request)
  File "/home/newsapp24/.virtualenvs/mysite-virtualenv/lib/python3.7/site-packages/django/core/handlers/exception.py", line 47, in inner
    response = get_response(request)
  File "/home/newsapp24/.virtualenvs/mysite-virtualenv/lib/python3.7/site-packages/django/utils/deprecation.py", line 117, in __call__
    response = response or self.get_response(request)
  File "/home/newsapp24/.virtualenvs/mysite-virtualenv/lib/python3.7/site-packages/django/core/handlers/exception.py", line 47, in inner
    response = get_response(request)
  File "/home/newsapp24/.virtualenvs/mysite-virtualenv/lib/python3.7/site-packages/django/utils/deprecation.py", line 117, in __call__
    response = response or self.get_response(request)
  File "/home/newsapp24/.virtualenvs/mysite-virtualenv/lib/python3.7/site-packages/django/core/handlers/exception.py", line 47, in inner
    response = get_response(request)
  File "/home/newsapp24/.virtualenvs/mysite-virtualenv/lib/python3.7/site-packages/django/utils/deprecation.py", line 117, in __call__
    response = response or self.get_response(request)
  File "/home/newsapp24/.virtualenvs/mysite-virtualenv/lib/python3.7/site-packages/django/core/handlers/exception.py", line 47, in inner
    response = get_response(request)
  File "/home/newsapp24/.virtualenvs/mysite-virtualenv/lib/python3.7/site-packages/django/core/handlers/base.py", line 181, in _get_response
    response = wrapped_callback(request, *callback_args, **callback_kwargs)
  File "/home/newsapp24/.virtualenvs/mysite-virtualenv/lib/python3.7/site-packages/django/contrib/auth/decorators.py", line 21, in _wrapped_view
    return view_func(request, *args, **kwargs)
  File "/home/newsapp24/NewsApp/toolsapp/views.py", line 102, in complete_generated_single_view
    logger.info("post_body : ", post_body)
Message: 'post_body : '
Arguments: ('<p>Nestled within the glamorous luxury of Ibiza&#39;s serene landscape lies a paradise that belongs to none other than the renowned DJ and music producer, Calvin Harris. Stepping into his majestic estate is like entering a world where opulence and tranquility intertwine seamlessly, offering a glimpse into the extravagant lifestyle of one of the music industry&#39;s biggest stars. The sprawling property, located in the heart of Ibiza, exudes an aura of exclusivity and sophistication. Surrounded by lush greenery and overlooking the crystal-clear waters of the Mediterranean Sea, the estate is a true testament to the island&#39;s charm and beauty.</p>\r\n\r\n<p>From the moment you set foot on the grounds, you are greeted by an air of luxury that is both inviting and awe-inspiring. As you make your way through the impeccably manicured gardens and past the glistening infinity pool, you are struck by the modern elegance of the architecture. Every corner of the estate is meticulously design...[truncated]
--- Logging error ---
Traceback (most recent call last):
  File "/usr/local/lib/python3.7/logging/__init__.py", line 1025, in emit
    msg = self.format(record)
  File "/usr/local/lib/python3.7/logging/__init__.py", line 869, in format
    return fmt.format(record)
  File "/usr/local/lib/python3.7/logging/__init__.py", line 608, in format
    record.message = record.getMessage()
  File "/usr/local/lib/python3.7/logging/__init__.py", line 369, in getMessage
    msg = msg % self.args
TypeError: not all arguments converted during string formatting
Call stack:
  File "/bin/user_wsgi_wrapper.py", line 207, in __call__
    app_iterator = self.app(environ, start_response)
  File "/home/newsapp24/.virtualenvs/mysite-virtualenv/lib/python3.7/site-packages/django/core/handlers/wsgi.py", line 133, in __call__
    response = self.get_response(request)
  File "/home/newsapp24/.virtualenvs/mysite-virtualenv/lib/python3.7/site-packages/django/core/handlers/base.py", line 130, in get_response
    response = self._middleware_chain(request)
  File "/home/newsapp24/.virtualenvs/mysite-virtualenv/lib/python3.7/site-packages/django/core/handlers/exception.py", line 47, in inner
    response = get_response(request)
  File "/home/newsapp24/.virtualenvs/mysite-virtualenv/lib/python3.7/site-packages/django/utils/deprecation.py", line 117, in __call__
    response = response or self.get_response(request)
  File "/home/newsapp24/.virtualenvs/mysite-virtualenv/lib/python3.7/site-packages/django/core/handlers/exception.py", line 47, in inner
    response = get_response(request)
  File "/home/newsapp24/.virtualenvs/mysite-virtualenv/lib/python3.7/site-packages/django/utils/deprecation.py", line 117, in __call__
    response = response or self.get_response(request)
  File "/home/newsapp24/.virtualenvs/mysite-virtualenv/lib/python3.7/site-packages/django/core/handlers/exception.py", line 47, in inner
    response = get_response(request)
  File "/home/newsapp24/.virtualenvs/mysite-virtualenv/lib/python3.7/site-packages/django/utils/deprecation.py", line 117, in __call__
    response = response or self.get_response(request)
  File "/home/newsapp24/.virtualenvs/mysite-virtualenv/lib/python3.7/site-packages/django/core/handlers/exception.py", line 47, in inner
    response = get_response(request)
  File "/home/newsapp24/.virtualenvs/mysite-virtualenv/lib/python3.7/site-packages/django/utils/deprecation.py", line 117, in __call__
    response = response or self.get_response(request)
  File "/home/newsapp24/.virtualenvs/mysite-virtualenv/lib/python3.7/site-packages/django/core/handlers/exception.py", line 47, in inner
    response = get_response(request)
  File "/home/newsapp24/.virtualenvs/mysite-virtualenv/lib/python3.7/site-packages/django/utils/deprecation.py", line 117, in __call__
    response = response or self.get_response(request)
  File "/home/newsapp24/.virtualenvs/mysite-virtualenv/lib/python3.7/site-packages/django/core/handlers/exception.py", line 47, in inner
    response = get_response(request)
  File "/home/newsapp24/.virtualenvs/mysite-virtualenv/lib/python3.7/site-packages/django/utils/deprecation.py", line 117, in __call__
    response = response or self.get_response(request)
  File "/home/newsapp24/.virtualenvs/mysite-virtualenv/lib/python3.7/site-packages/django/core/handlers/exception.py", line 47, in inner
    response = get_response(request)
  File "/home/newsapp24/.virtualenvs/mysite-virtualenv/lib/python3.7/site-packages/django/utils/deprecation.py", line 117, in __call__
    response = response or self.get_response(request)
  File "/home/newsapp24/.virtualenvs/mysite-virtualenv/lib/python3.7/site-packages/django/core/handlers/exception.py", line 47, in inner
    response = get_response(request)
  File "/home/newsapp24/.virtualenvs/mysite-virtualenv/lib/python3.7/site-packages/django/core/handlers/base.py", line 181, in _get_response
    response = wrapped_callback(request, *callback_args, **callback_kwargs)
  File "/home/newsapp24/.virtualenvs/mysite-virtualenv/lib/python3.7/site-packages/django/contrib/auth/decorators.py", line 21, in _wrapped_view
    return view_func(request, *args, **kwargs)
  File "/home/newsapp24/NewsApp/toolsapp/views.py", line 102, in complete_generated_single_view
    logger.info("post_body : ", post_body)
Message: 'post_body : '
Arguments: ('<p>Nestled within the glamorous luxury of Ibiza&#39;s serene landscape lies a paradise that belongs to none other than the renowned DJ and music producer, Calvin Harris. Stepping into his majestic estate is like entering a world where opulence and tranquility intertwine seamlessly, offering a glimpse into the extravagant lifestyle of one of the music industry&#39;s biggest stars. The sprawling property, located in the heart of Ibiza, exudes an aura of exclusivity and sophistication. Surrounded by lush greenery and overlooking the crystal-clear waters of the Mediterranean Sea, the estate is a true testament to the island&#39;s charm and beauty.</p>\r\n\r\n<p>From the moment you set foot on the grounds, you are greeted by an air of luxury that is both inviting and awe-inspiring. As you make your way through the impeccably manicured gardens and past the glistening infinity pool, you are struck by the modern elegance of the architecture. Every corner of the estate is meticulously design...[truncated]
--- Logging error ---
Traceback (most recent call last):
  File "/usr/local/lib/python3.7/logging/__init__.py", line 1025, in emit
    msg = self.format(record)
  File "/usr/local/lib/python3.7/logging/__init__.py", line 869, in format
    return fmt.format(record)
  File "/usr/local/lib/python3.7/logging/__init__.py", line 608, in format
    record.message = record.getMessage()
  File "/usr/local/lib/python3.7/logging/__init__.py", line 369, in getMessage
    msg = msg % self.args
TypeError: not all arguments converted during string formatting
Call stack:
  File "/bin/user_wsgi_wrapper.py", line 207, in __call__
    app_iterator = self.app(environ, start_response)
  File "/home/newsapp24/.virtualenvs/mysite-virtualenv/lib/python3.7/site-packages/django/core/handlers/wsgi.py", line 133, in __call__
    response = self.get_response(request)
  File "/home/newsapp24/.virtualenvs/mysite-virtualenv/lib/python3.7/site-packages/django/core/handlers/base.py", line 130, in get_response
    response = self._middleware_chain(request)
  File "/home/newsapp24/.virtualenvs/mysite-virtualenv/lib/python3.7/site-packages/django/core/handlers/exception.py", line 47, in inner
    response = get_response(request)
  File "/home/newsapp24/.virtualenvs/mysite-virtualenv/lib/python3.7/site-packages/django/utils/deprecation.py", line 117, in __call__
    response = response or self.get_response(request)
  File "/home/newsapp24/.virtualenvs/mysite-virtualenv/lib/python3.7/site-packages/django/core/handlers/exception.py", line 47, in inner
    response = get_response(request)
  File "/home/newsapp24/.virtualenvs/mysite-virtualenv/lib/python3.7/site-packages/django/utils/deprecation.py", line 117, in __call__
    response = response or self.get_response(request)
  File "/home/newsapp24/.virtualenvs/mysite-virtualenv/lib/python3.7/site-packages/django/core/handlers/exception.py", line 47, in inner
    response = get_response(request)
  File "/home/newsapp24/.virtualenvs/mysite-virtualenv/lib/python3.7/site-packages/django/utils/deprecation.py", line 117, in __call__
    response = response or self.get_response(request)
  File "/home/newsapp24/.virtualenvs/mysite-virtualenv/lib/python3.7/site-packages/django/core/handlers/exception.py", line 47, in inner
    response = get_response(request)
  File "/home/newsapp24/.virtualenvs/mysite-virtualenv/lib/python3.7/site-packages/django/utils/deprecation.py", line 117, in __call__
    response = response or self.get_response(request)
  File "/home/newsapp24/.virtualenvs/mysite-virtualenv/lib/python3.7/site-packages/django/core/handlers/exception.py", line 47, in inner
    response = get_response(request)
  File "/home/newsapp24/.virtualenvs/mysite-virtualenv/lib/python3.7/site-packages/django/utils/deprecation.py", line 117, in __call__
    response = response or self.get_response(request)
  File "/home/newsapp24/.virtualenvs/mysite-virtualenv/lib/python3.7/site-packages/django/core/handlers/exception.py", line 47, in inner
    response = get_response(request)
  File "/home/newsapp24/.virtualenvs/mysite-virtualenv/lib/python3.7/site-packages/django/utils/deprecation.py", line 117, in __call__
    response = response or self.get_response(request)
  File "/home/newsapp24/.virtualenvs/mysite-virtualenv/lib/python3.7/site-packages/django/core/handlers/exception.py", line 47, in inner
    response = get_response(request)
  File "/home/newsapp24/.virtualenvs/mysite-virtualenv/lib/python3.7/site-packages/django/utils/deprecation.py", line 117, in __call__
    response = response or self.get_response(request)
  File "/home/newsapp24/.virtualenvs/mysite-virtualenv/lib/python3.7/site-packages/django/core/handlers/exception.py", line 47, in inner
    response = get_response(request)
  File "/home/newsapp24/.virtualenvs/mysite-virtualenv/lib/python3.7/site-packages/django/core/handlers/base.py", line 181, in _get_response
    response = wrapped_callback(request, *callback_args, **callback_kwargs)
  File "/home/newsapp24/.virtualenvs/mysite-virtualenv/lib/python3.7/site-packages/django/contrib/auth/decorators.py", line 21, in _wrapped_view
    return view_func(request, *args, **kwargs)
  File "/home/newsapp24/NewsApp/toolsapp/views.py", line 102, in complete_generated_single_view
    logger.info("post_body : ", post_body)
Message: 'post_body : '
Arguments: ('<p>Nestled within the glamorous luxury of Ibiza&#39;s serene landscape lies a paradise that belongs to none other than the renowned DJ and music producer, Calvin Harris. Stepping into his majestic estate is like entering a world where opulence and tranquility intertwine seamlessly, offering a glimpse into the extravagant lifestyle of one of the music industry&#39;s biggest stars. The sprawling property, located in the heart of Ibiza, exudes an aura of exclusivity and sophistication. Surrounded by lush greenery and overlooking the crystal-clear waters of the Mediterranean Sea, the estate is a true testament to the island&#39;s charm and beauty.</p>\r\n\r\n<p>From the moment you set foot on the grounds, you are greeted by an air of luxury that is both inviting and awe-inspiring. As you make your way through the impeccably manicured gardens and past the glistening infinity pool, you are struck by the modern elegance of the architecture. Every corner of the estate is meticulously design...[truncated]
Internal Server Error: /complete-generated-single-view/3
Traceback (most recent call last):
  File "/home/newsapp24/.virtualenvs/mysite-virtualenv/lib/python3.7/site-packages/django/core/handlers/exception.py", line 47, in inner
    response = get_response(request)
  File "/home/newsapp24/.virtualenvs/mysite-virtualenv/lib/python3.7/site-packages/django/core/handlers/base.py", line 181, in _get_response
    response = wrapped_callback(request, *callback_args, **callback_kwargs)
  File "/home/newsapp24/.virtualenvs/mysite-virtualenv/lib/python3.7/site-packages/django/contrib/auth/decorators.py", line 21, in _wrapped_view
    return view_func(request, *args, **kwargs)
  File "/home/newsapp24/NewsApp/toolsapp/views.py", line 102, in complete_generated_single_view
    logger.info("post_body : ", post_body)
  File "/usr/local/lib/python3.7/logging/__init__.py", line 1378, in info
    self._log(INFO, msg, args, **kwargs)
  File "/usr/local/lib/python3.7/logging/__init__.py", line 1514, in _log
    self.handle(record)
  File "/usr/local/lib/python3.7/logging/__init__.py", line 1524, in handle
    self.callHandlers(record)
  File "/usr/local/lib/python3.7/logging/__init__.py", line 1586, in callHandlers
    hdlr.handle(record)
  File "/usr/local/lib/python3.7/logging/__init__.py", line 894, in handle
    self.emit(record)
  File "/bin/user_wsgi_wrapper.py", line 113, in emit
    format_with_millis(datetime.now()), self.format(record)
  File "/usr/local/lib/python3.7/logging/__init__.py", line 869, in format
    return fmt.format(record)
  File "/usr/local/lib/python3.7/logging/__init__.py", line 608, in format
    record.message = record.getMessage()
  File "/usr/local/lib/python3.7/logging/__init__.py", line 369, in getMessage
    msg = msg % self.args
TypeError: not all arguments converted during string formatting
Internal Server Error: /complete-generated-single-view/3
Traceback (most recent call last):
  File "/home/newsapp24/.virtualenvs/mysite-virtualenv/lib/python3.7/site-packages/django/core/handlers/exception.py", line 47, in inner
    response = get_response(request)
  File "/home/newsapp24/.virtualenvs/mysite-virtualenv/lib/python3.7/site-packages/django/core/handlers/base.py", line 181, in _get_response
    response = wrapped_callback(request, *callback_args, **callback_kwargs)
  File "/home/newsapp24/.virtualenvs/mysite-virtualenv/lib/python3.7/site-packages/django/contrib/auth/decorators.py", line 21, in _wrapped_view
    return view_func(request, *args, **kwargs)
  File "/home/newsapp24/NewsApp/toolsapp/views.py", line 102, in complete_generated_single_view
    logger.info("post_body : ", post_body)
  File "/usr/local/lib/python3.7/logging/__init__.py", line 1378, in info
    self._log(INFO, msg, args, **kwargs)
  File "/usr/local/lib/python3.7/logging/__init__.py", line 1514, in _log
    self.handle(record)
  File "/usr/local/lib/python3.7/logging/__init__.py", line 1524, in handle
    self.callHandlers(record)
  File "/usr/local/lib/python3.7/logging/__init__.py", line 1586, in callHandlers
    hdlr.handle(record)
  File "/usr/local/lib/python3.7/logging/__init__.py", line 894, in handle
    self.emit(record)
  File "/bin/user_wsgi_wrapper.py", line 113, in emit
    format_with_millis(datetime.now()), self.format(record)
  File "/usr/local/lib/python3.7/logging/__init__.py", line 869, in format
    return fmt.format(record)
  File "/usr/local/lib/python3.7/logging/__init__.py", line 608, in format
    record.message = record.getMessage()
  File "/usr/local/lib/python3.7/logging/__init__.py", line 369, in getMessage
    msg = msg % self.args
TypeError: not all arguments converted during string formatting
Not Found: /static/libs/jquery/dist/jquery.min.js
Not Found: /static/libs/jquery/dist/jquery.min.js
Not Found: /static/libs/bootstrap/dist/js/bootstrap.bundle.min.js
Not Found: /static/libs/bootstrap/dist/js/bootstrap.bundle.min.js
Not Found: /static/libs/simplebar/dist/simplebar.css
Not Found: /static/libs/simplebar/dist/simplebar.css
Not Found: /static/libs/simplebar/dist/simplebar.js
Not Found: /static/libs/simplebar/dist/simplebar.js
Not Found: /static/libs/bootstrap/dist/js/bootstrap.bundle.min.js
Not Found: /static/libs/bootstrap/dist/js/bootstrap.bundle.min.js
Not Found: /static/libs/jquery/dist/jquery.min.js
Not Found: /static/libs/jquery/dist/jquery.min.js
Not Found: /static/libs/simplebar/dist/simplebar.js
Not Found: /static/libs/simplebar/dist/simplebar.js
Not Found: /static/libs/simplebar/dist/simplebar.css
Not Found: /static/libs/simplebar/dist/simplebar.css
Not Found: /favicon.ico
Not Found: /favicon.ico
OSError: write error
Not Found: /static/libs/jquery/dist/jquery.min.js
Not Found: /static/libs/jquery/dist/jquery.min.js
Not Found: /static/libs/bootstrap/dist/js/bootstrap.bundle.min.js
Not Found: /static/libs/bootstrap/dist/js/bootstrap.bundle.min.js
Not Found: /static/libs/simplebar/dist/simplebar.js
Not Found: /static/libs/simplebar/dist/simplebar.js
Not Found: /static/libs/simplebar/dist/simplebar.css
Not Found: /static/libs/simplebar/dist/simplebar.css
Not Found: /static/libs/bootstrap/dist/js/bootstrap.bundle.min.js
Not Found: /static/libs/bootstrap/dist/js/bootstrap.bundle.min.js
Not Found: /static/libs/simplebar/dist/simplebar.js
Not Found: /static/libs/simplebar/dist/simplebar.js
Not Found: /static/libs/simplebar/dist/simplebar.css
Not Found: /static/libs/simplebar/dist/simplebar.css
Not Found: /static/libs/jquery/dist/jquery.min.js
Not Found: /static/libs/jquery/dist/jquery.min.js
Not Found: /static/libs/jquery/dist/jquery.min.js
Not Found: /static/libs/jquery/dist/jquery.min.js
Not Found: /static/libs/bootstrap/dist/js/bootstrap.bundle.min.js
Not Found: /static/libs/bootstrap/dist/js/bootstrap.bundle.min.js
Not Found: /static/libs/simplebar/dist/simplebar.js
Not Found: /static/libs/simplebar/dist/simplebar.js
Not Found: /static/libs/simplebar/dist/simplebar.css
Not Found: /static/libs/simplebar/dist/simplebar.css
Not Found: /static/libs/jquery/dist/jquery.min.js
Not Found: /static/libs/jquery/dist/jquery.min.js
Not Found: /static/libs/bootstrap/dist/js/bootstrap.bundle.min.js
Not Found: /static/libs/bootstrap/dist/js/bootstrap.bundle.min.js
Not Found: /static/libs/simplebar/dist/simplebar.js
Not Found: /static/libs/simplebar/dist/simplebar.js
Not Found: /static/libs/simplebar/dist/simplebar.css
Not Found: /static/libs/simplebar/dist/simplebar.css
https://www.diariodeibiza.com/restaurants/worlds-50-best-restaurants-restaurants-spain-best-world/
https://www.diariodeibiza.com/restaurants/worlds-50-best-restaurants-restaurants-spain-best-world/
https://www.diariodeibiza.com/restaurants/worlds-50-best-restaurants-restaurants-spain-best-world/
https://www.diariodeibiza.com/restaurants/worlds-50-best-restaurants-restaurants-spain-best-world/
Not Found: /static/libs/bootstrap/dist/js/bootstrap.bundle.min.js
Not Found: /static/libs/bootstrap/dist/js/bootstrap.bundle.min.js
Not Found: /static/libs/jquery/dist/jquery.min.js
Not Found: /static/libs/jquery/dist/jquery.min.js
Not Found: /static/libs/simplebar/dist/simplebar.css
Not Found: /static/libs/simplebar/dist/simplebar.css
Not Found: /static/libs/simplebar/dist/simplebar.js
Not Found: /static/libs/simplebar/dist/simplebar.js
Not Found: /static/libs/jquery/dist/jquery.min.js
Not Found: /static/libs/jquery/dist/jquery.min.js
Not Found: /static/libs/bootstrap/dist/js/bootstrap.bundle.min.js
Not Found: /static/libs/bootstrap/dist/js/bootstrap.bundle.min.js
Not Found: /static/libs/simplebar/dist/simplebar.css
Not Found: /static/libs/simplebar/dist/simplebar.css
Not Found: /static/libs/simplebar/dist/simplebar.js
Not Found: /static/libs/simplebar/dist/simplebar.js
Not Found: /static/libs/bootstrap/dist/js/bootstrap.bundle.min.js
Not Found: /static/libs/bootstrap/dist/js/bootstrap.bundle.min.js
Not Found: /static/libs/jquery/dist/jquery.min.js
Not Found: /static/libs/jquery/dist/jquery.min.js
Not Found: /static/libs/simplebar/dist/simplebar.css
Not Found: /static/libs/simplebar/dist/simplebar.css
Not Found: /static/libs/simplebar/dist/simplebar.js
Not Found: /static/libs/simplebar/dist/simplebar.js
Not Found: /static/libs/bootstrap/dist/js/bootstrap.bundle.min.js
Not Found: /static/libs/bootstrap/dist/js/bootstrap.bundle.min.js
Not Found: /static/libs/simplebar/dist/simplebar.css
Not Found: /static/libs/simplebar/dist/simplebar.css
Not Found: /static/libs/jquery/dist/jquery.min.js
Not Found: /static/libs/jquery/dist/jquery.min.js
Not Found: /static/libs/simplebar/dist/simplebar.js
Not Found: /static/libs/simplebar/dist/simplebar.js
Not Found: /static/libs/jquery/dist/jquery.min.js
Not Found: /static/libs/jquery/dist/jquery.min.js
Not Found: /static/libs/bootstrap/dist/js/bootstrap.bundle.min.js
Not Found: /static/libs/bootstrap/dist/js/bootstrap.bundle.min.js
Not Found: /static/libs/simplebar/dist/simplebar.css
Not Found: /static/libs/simplebar/dist/simplebar.css
Not Found: /static/libs/simplebar/dist/simplebar.js
Not Found: /static/libs/simplebar/dist/simplebar.js
Not Found: /static/libs/jquery/dist/jquery.min.js
Not Found: /static/libs/jquery/dist/jquery.min.js
Not Found: /static/libs/simplebar/dist/simplebar.js
Not Found: /static/libs/simplebar/dist/simplebar.js
Not Found: /static/libs/bootstrap/dist/js/bootstrap.bundle.min.js
Not Found: /static/libs/bootstrap/dist/js/bootstrap.bundle.min.js
Not Found: /static/libs/simplebar/dist/simplebar.css
Not Found: /static/libs/simplebar/dist/simplebar.css
Not Found: /static/libs/bootstrap/dist/js/bootstrap.bundle.min.js
Not Found: /static/libs/bootstrap/dist/js/bootstrap.bundle.min.js
Not Found: /static/libs/jquery/dist/jquery.min.js
Not Found: /static/libs/jquery/dist/jquery.min.js
Not Found: /static/libs/simplebar/dist/simplebar.css
Not Found: /static/libs/simplebar/dist/simplebar.css
Not Found: /static/libs/simplebar/dist/simplebar.js
Not Found: /static/libs/simplebar/dist/simplebar.js
Not Found: /static/libs/jquery/dist/jquery.min.js
Not Found: /static/libs/jquery/dist/jquery.min.js
Not Found: /static/libs/bootstrap/dist/js/bootstrap.bundle.min.js
Not Found: /static/libs/bootstrap/dist/js/bootstrap.bundle.min.js
Not Found: /static/libs/simplebar/dist/simplebar.css
Not Found: /static/libs/simplebar/dist/simplebar.css
Not Found: /static/libs/simplebar/dist/simplebar.js
Not Found: /static/libs/simplebar/dist/simplebar.js
https://www.diariodeibiza.com/restaurants/worlds-50-best-restaurants-restaurants-spain-best-world/
https://www.diariodeibiza.com/restaurants/worlds-50-best-restaurants-restaurants-spain-best-world/
https://www.diariodeibiza.com/restaurants/worlds-50-best-restaurants-restaurants-spain-best-world/
https://www.diariodeibiza.com/restaurants/worlds-50-best-restaurants-restaurants-spain-best-world/
Not Found: /static/libs/bootstrap/dist/js/bootstrap.bundle.min.js
Not Found: /static/libs/bootstrap/dist/js/bootstrap.bundle.min.js
Not Found: /static/libs/simplebar/dist/simplebar.js
Not Found: /static/libs/simplebar/dist/simplebar.js
Not Found: /static/libs/jquery/dist/jquery.min.js
Not Found: /static/libs/jquery/dist/jquery.min.js
Not Found: /static/libs/simplebar/dist/simplebar.css
Not Found: /static/libs/simplebar/dist/simplebar.css
Not Found: /static/libs/bootstrap/dist/js/bootstrap.bundle.min.js
Not Found: /static/libs/bootstrap/dist/js/bootstrap.bundle.min.js
Not Found: /static/libs/simplebar/dist/simplebar.css
Not Found: /static/libs/simplebar/dist/simplebar.css
Not Found: /static/libs/jquery/dist/jquery.min.js
Not Found: /static/libs/jquery/dist/jquery.min.js
Not Found: /static/libs/simplebar/dist/simplebar.js
Not Found: /static/libs/simplebar/dist/simplebar.js
Not Found: /static/libs/jquery/dist/jquery.min.js
Not Found: /static/libs/jquery/dist/jquery.min.js
Not Found: /static/libs/bootstrap/dist/js/bootstrap.bundle.min.js
Not Found: /static/libs/bootstrap/dist/js/bootstrap.bundle.min.js
Not Found: /static/libs/simplebar/dist/simplebar.js
Not Found: /static/libs/simplebar/dist/simplebar.js
Not Found: /static/libs/simplebar/dist/simplebar.css
Not Found: /static/libs/simplebar/dist/simplebar.css
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
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
Not Found: /static/libs/bootstrap/dist/js/bootstrap.bundle.min.js
Not Found: /static/libs/bootstrap/dist/js/bootstrap.bundle.min.js
Not Found: /static/libs/simplebar/dist/simplebar.js
Not Found: /static/libs/simplebar/dist/simplebar.js
Not Found: /static/libs/simplebar/dist/simplebar.css
Not Found: /static/libs/simplebar/dist/simplebar.css
Not Found: /static/libs/jquery/dist/jquery.min.js
Not Found: /static/libs/jquery/dist/jquery.min.js
Not Found: /static/libs/jquery/dist/jquery.min.js
Not Found: /static/libs/jquery/dist/jquery.min.js
Not Found: /static/libs/simplebar/dist/simplebar.js
Not Found: /static/libs/simplebar/dist/simplebar.js
Not Found: /static/libs/simplebar/dist/simplebar.css
Not Found: /static/libs/simplebar/dist/simplebar.css
Not Found: /static/libs/bootstrap/dist/js/bootstrap.bundle.min.js
Not Found: /static/libs/bootstrap/dist/js/bootstrap.bundle.min.js
HTTP Request: POST https://api.openai.com/v1/chat/completions "HTTP/1.1 200 OK"
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
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
Not Found: /static/libs/jquery/dist/jquery.min.js
Not Found: /static/libs/jquery/dist/jquery.min.js
Not Found: /static/libs/bootstrap/dist/js/bootstrap.bundle.min.js
Not Found: /static/libs/bootstrap/dist/js/bootstrap.bundle.min.js
Not Found: /static/libs/simplebar/dist/simplebar.css
Not Found: /static/libs/simplebar/dist/simplebar.css
Not Found: /static/libs/simplebar/dist/simplebar.js
Not Found: /static/libs/simplebar/dist/simplebar.js
HTTP Request: POST https://api.openai.com/v1/chat/completions "HTTP/1.1 200 OK"
Text formating .................
Text formating .................
Not Found: /static/libs/jquery/dist/jquery.min.js
Not Found: /static/libs/jquery/dist/jquery.min.js
Not Found: /static/libs/simplebar/dist/simplebar.js
Not Found: /static/libs/simplebar/dist/simplebar.js
Not Found: /static/libs/bootstrap/dist/js/bootstrap.bundle.min.js
Not Found: /static/libs/bootstrap/dist/js/bootstrap.bundle.min.js
Not Found: /static/libs/simplebar/dist/simplebar.css
Not Found: /static/libs/simplebar/dist/simplebar.css
Not Found: /static/libs/jquery/dist/jquery.min.js
Not Found: /static/libs/jquery/dist/jquery.min.js
Not Found: /static/libs/bootstrap/dist/js/bootstrap.bundle.min.js
Not Found: /static/libs/bootstrap/dist/js/bootstrap.bundle.min.js
Not Found: /static/libs/simplebar/dist/simplebar.css
Not Found: /static/libs/simplebar/dist/simplebar.css
Not Found: /static/libs/simplebar/dist/simplebar.js
Not Found: /static/libs/simplebar/dist/simplebar.js
https://travelsfix.com/what-you-cant-take-on-a-plane/
https://travelsfix.com/what-you-cant-take-on-a-plane/
https://travelsfix.com/what-you-cant-take-on-a-plane/
https://travelsfix.com/what-you-cant-take-on-a-plane/
Not Found: /static/libs/simplebar/dist/simplebar.css
Not Found: /static/libs/simplebar/dist/simplebar.css
Not Found: /static/libs/jquery/dist/jquery.min.js
Not Found: /static/libs/jquery/dist/jquery.min.js
Not Found: /static/libs/bootstrap/dist/js/bootstrap.bundle.min.js
Not Found: /static/libs/bootstrap/dist/js/bootstrap.bundle.min.js
Not Found: /static/libs/simplebar/dist/simplebar.js
Not Found: /static/libs/simplebar/dist/simplebar.js
Not Found: /static/libs/simplebar/dist/simplebar.css
Not Found: /static/libs/simplebar/dist/simplebar.css
Not Found: /static/libs/bootstrap/dist/js/bootstrap.bundle.min.js
Not Found: /static/libs/bootstrap/dist/js/bootstrap.bundle.min.js
Not Found: /static/libs/jquery/dist/jquery.min.js
Not Found: /static/libs/jquery/dist/jquery.min.js
Not Found: /static/libs/simplebar/dist/simplebar.js
Not Found: /static/libs/simplebar/dist/simplebar.js
Not Found: /static/libs/simplebar/dist/simplebar.css
Not Found: /static/libs/simplebar/dist/simplebar.css
Not Found: /static/libs/jquery/dist/jquery.min.js
Not Found: /static/libs/jquery/dist/jquery.min.js
Not Found: /static/libs/bootstrap/dist/js/bootstrap.bundle.min.js
Not Found: /static/libs/bootstrap/dist/js/bootstrap.bundle.min.js
Not Found: /static/libs/simplebar/dist/simplebar.js
Not Found: /static/libs/simplebar/dist/simplebar.js
Not Found: /static/libs/jquery/dist/jquery.min.js
Not Found: /static/libs/jquery/dist/jquery.min.js
Not Found: /static/libs/simplebar/dist/simplebar.css
Not Found: /static/libs/simplebar/dist/simplebar.css
Not Found: /static/libs/simplebar/dist/simplebar.js
Not Found: /static/libs/simplebar/dist/simplebar.js
Not Found: /static/libs/bootstrap/dist/js/bootstrap.bundle.min.js
Not Found: /static/libs/bootstrap/dist/js/bootstrap.bundle.min.js
Not Found: /static/libs/jquery/dist/jquery.min.js
Not Found: /static/libs/jquery/dist/jquery.min.js
Not Found: /static/libs/bootstrap/dist/js/bootstrap.bundle.min.js
Not Found: /static/libs/bootstrap/dist/js/bootstrap.bundle.min.js
Not Found: /static/libs/simplebar/dist/simplebar.css
Not Found: /static/libs/simplebar/dist/simplebar.css
Not Found: /static/libs/simplebar/dist/simplebar.js
Not Found: /static/libs/simplebar/dist/simplebar.js
Not Found: /static/libs/jquery/dist/jquery.min.js
Not Found: /static/libs/jquery/dist/jquery.min.js
Not Found: /static/libs/bootstrap/dist/js/bootstrap.bundle.min.js
Not Found: /static/libs/bootstrap/dist/js/bootstrap.bundle.min.js
Not Found: /static/libs/simplebar/dist/simplebar.css
Not Found: /static/libs/simplebar/dist/simplebar.css
Not Found: /static/libs/simplebar/dist/simplebar.js
Not Found: /static/libs/simplebar/dist/simplebar.js
Not Found: /static/libs/bootstrap/dist/js/bootstrap.bundle.min.js
Not Found: /static/libs/bootstrap/dist/js/bootstrap.bundle.min.js
Not Found: /static/libs/jquery/dist/jquery.min.js
Not Found: /static/libs/jquery/dist/jquery.min.js
Not Found: /static/libs/simplebar/dist/simplebar.css
Not Found: /static/libs/simplebar/dist/simplebar.css
Not Found: /static/libs/simplebar/dist/simplebar.js
Not Found: /static/libs/simplebar/dist/simplebar.js
Not Found: /static/libs/jquery/dist/jquery.min.js
Not Found: /static/libs/jquery/dist/jquery.min.js
Not Found: /static/libs/bootstrap/dist/js/bootstrap.bundle.min.js
Not Found: /static/libs/bootstrap/dist/js/bootstrap.bundle.min.js
Not Found: /static/libs/simplebar/dist/simplebar.css
Not Found: /static/libs/simplebar/dist/simplebar.css
Not Found: /static/libs/simplebar/dist/simplebar.js
Not Found: /static/libs/simplebar/dist/simplebar.js
